Log file open, 10/13/21 19:15:24
LogInit: Display: Running engine for game: githargyro
LogPlatformFile: Not using cached read wrapper
LogTaskGraph: Started task graph with 5 named threads and 35 total threads with 3 sets of task threads.
LogStats: Stats thread started at 0.277855
LogD3D11RHI: Loaded GFSDK_Aftermath_Lib.x64.dll
LogICUInternationalization: ICU TimeZone Detection - Raw Offset: -5:00, Platform Override: ''
LogPluginManager: Mounting plugin Paper2D
LogPluginManager: Mounting plugin AISupport
LogPluginManager: Mounting plugin LightPropagationVolume
LogPluginManager: Mounting plugin CameraShakePreviewer
LogPluginManager: Mounting plugin ActorLayerUtilities
LogPluginManager: Mounting plugin AnimationSharing
LogPluginManager: Mounting plugin CLionSourceCodeAccess
LogPluginManager: Mounting plugin CodeLiteSourceCodeAccess
LogPluginManager: Mounting plugin GitSourceControl
LogPluginManager: Mounting plugin KDevelopSourceCodeAccess
LogPluginManager: Mounting plugin NullSourceCodeAccess
LogPluginManager: Mounting plugin PerforceSourceControl
LogPluginManager: Mounting plugin PlasticSourceControl
LogPluginManager: Mounting plugin RiderSourceCodeAccess
LogPluginManager: Mounting plugin SubversionSourceControl
LogPluginManager: Mounting plugin UObjectPlugin
LogPluginManager: Mounting plugin VisualStudioCodeSourceCodeAccess
LogPluginManager: Mounting plugin VisualStudioSourceCodeAccess
LogPluginManager: Mounting plugin XCodeSourceCodeAccess
LogPluginManager: Mounting plugin AssetManagerEditor
LogPluginManager: Mounting plugin CryptoKeys
LogPluginManager: Mounting plugin CurveEditorTools
LogPluginManager: Mounting plugin DataValidation
LogPluginManager: Mounting plugin EditorScriptingUtilities
LogPluginManager: Mounting plugin FacialAnimation
LogPluginManager: Mounting plugin GameplayTagsEditor
LogPluginManager: Mounting plugin GeometryMode
LogPluginManager: Mounting plugin MacGraphicsSwitching
LogPluginManager: Mounting plugin MaterialAnalyzer
LogPluginManager: Mounting plugin MobileLauncherProfileWizard
LogPluginManager: Mounting plugin PluginBrowser
LogPluginManager: Mounting plugin SpeedTreeImporter
LogPluginManager: Mounting plugin DatasmithContent
LogPluginManager: Mounting plugin VariantManagerContent
LogPluginManager: Mounting plugin AlembicImporter
LogPluginManager: Mounting plugin AutomationUtils
LogPluginManager: Mounting plugin BackChannel
LogPluginManager: Mounting plugin ChaosCloth
LogPluginManager: Mounting plugin ChaosClothEditor
LogPluginManager: Mounting plugin ChaosEditor
LogPluginManager: Mounting plugin ChaosNiagara
LogPluginManager: Mounting plugin ChaosSolverPlugin
LogPluginManager: Mounting plugin CharacterAI
LogPluginManager: Mounting plugin GeometryCache
LogPluginManager: Mounting plugin GeometryCollectionPlugin
LogPluginManager: Mounting plugin GeometryProcessing
LogPluginManager: Mounting plugin PlanarCut
LogPluginManager: Mounting plugin PlatformCrypto
LogPluginManager: Mounting plugin ProxyLODPlugin
LogPluginManager: Mounting plugin SkeletalReduction
LogPluginManager: Mounting plugin Niagara
LogPluginManager: Mounting plugin MagicLeap
LogPluginManager: Mounting plugin MagicLeapLightEstimation
LogPluginManager: Mounting plugin MagicLeapMedia
LogPluginManager: Mounting plugin MagicLeapPassableWorld
LogPluginManager: Mounting plugin MLSDK
LogPluginManager: Mounting plugin AndroidMedia
LogPluginManager: Mounting plugin AvfMedia
LogPluginManager: Mounting plugin ImgMedia
LogPluginManager: Mounting plugin MediaCompositing
LogPluginManager: Mounting plugin MediaPlayerEditor
LogPluginManager: Mounting plugin WebMMedia
LogPluginManager: Mounting plugin WmfMedia
LogPluginManager: Mounting plugin MeshPainting
LogPluginManager: Mounting plugin TcpMessaging
LogPluginManager: Mounting plugin UdpMessaging
LogPluginManager: Mounting plugin ActorSequence
LogPluginManager: Mounting plugin LevelSequenceEditor
LogPluginManager: Mounting plugin MatineeToLevelSequence
LogPluginManager: Mounting plugin MovieRenderPipeline
LogPluginManager: Mounting plugin TemplateSequence
LogPluginManager: Mounting plugin NetcodeUnitTest
LogPluginManager: Mounting plugin NUTUnrealEngine4
LogPluginManager: Mounting plugin OnlineSubsystemGooglePlay
LogPluginManager: Mounting plugin OnlineSubsystemIOS
LogPluginManager: Mounting plugin OnlineSubsystem
LogPluginManager: Mounting plugin OnlineSubsystemNull
LogPluginManager: Mounting plugin OnlineSubsystemUtils
LogPluginManager: Mounting plugin LauncherChunkInstaller
LogPluginManager: Mounting plugin AndroidDeviceProfileSelector
LogPluginManager: Mounting plugin AndroidMoviePlayer
LogPluginManager: Mounting plugin AndroidPermission
LogPluginManager: Mounting plugin AppleImageUtils
LogPluginManager: Mounting plugin AppleMoviePlayer
LogPluginManager: Mounting plugin ArchVisCharacter
LogPluginManager: Mounting plugin AssetTags
LogPluginManager: Mounting plugin AudioCapture
LogPluginManager: Mounting plugin CableComponent
LogPluginManager: Mounting plugin CustomMeshComponent
LogPluginManager: Mounting plugin EditableMesh
LogPluginManager: Mounting plugin ExampleDeviceProfileSelector
LogPluginManager: Mounting plugin GoogleCloudMessaging
LogPluginManager: Mounting plugin GooglePAD
LogPluginManager: Mounting plugin IOSDeviceProfileSelector
LogPluginManager: Mounting plugin LinuxDeviceProfileSelector
LogPluginManager: Mounting plugin LocationServicesBPLibrary
LogPluginManager: Mounting plugin MIDIDevice
LogPluginManager: Mounting plugin MobilePatchingUtils
LogPluginManager: Mounting plugin OculusVR
LogPluginManager: Mounting plugin PhysXVehicles
LogPluginManager: Mounting plugin PostSplashScreen
LogPluginManager: Mounting plugin ProceduralMeshComponent
LogPluginManager: Mounting plugin RuntimePhysXCooking
LogPluginManager: Mounting plugin SignificanceManager
LogPluginManager: Mounting plugin SoundFields
LogPluginManager: Mounting plugin SteamVR
LogPluginManager: Mounting plugin Synthesis
LogPluginManager: Mounting plugin WebMMoviePlayer
LogPluginManager: Mounting plugin WindowsMoviePlayer
LogPluginManager: Mounting plugin ScreenshotTools
LogInit: Using libcurl 7.55.1-DEV
LogInit:  - built for x86_64-pc-win32
LogInit:  - supports SSL with OpenSSL/1.1.1
LogInit:  - supports HTTP deflate (compression) using libz 1.2.8
LogInit:  - other features:
LogInit:      CURL_VERSION_SSL
LogInit:      CURL_VERSION_LIBZ
LogInit:      CURL_VERSION_IPV6
LogInit:      CURL_VERSION_ASYNCHDNS
LogInit:      CURL_VERSION_LARGEFILE
LogInit:      CURL_VERSION_IDN
LogInit:  CurlRequestOptions (configurable via config and command line):
LogInit:  - bVerifyPeer = true  - Libcurl will verify peer certificate
LogInit:  - bUseHttpProxy = false  - Libcurl will NOT use HTTP proxy
LogInit:  - bDontReuseConnections = false  - Libcurl will reuse connections
LogInit:  - MaxHostConnections = 16  - Libcurl will limit the number of connections to a host
LogInit:  - LocalHostAddr = Default
LogInit:  - BufferSize = 65536
LogOnline: OSS: Creating online subsystem instance for: NULL
LogInit: WinSock: version 1.1 (2.2), MaxSocks=32767, MaxUdp=65467
LogOnline: OSS: TryLoadSubsystemAndSetDefault: Loaded subsystem for module [NULL]
LogOculusPluginWrapper: OculusPlugin initialized successfully
LogHMD: Failed initializing OVRPlugin 1.44.0
LogInit: Build: ++UE4+Release-4.25-CL-14469661
LogInit: Engine Version: 4.25.4-14469661+++UE4+Release-4.25
LogInit: Compatible Engine Version: 4.25.0-13144385+++UE4+Release-4.25
LogInit: Net CL: 13144385
LogInit: OS: Windows 10 (Release 2009) (), CPU: Intel(R) Core(TM) i7-8750H CPU @ 2.20GHz, GPU: Intel(R) UHD Graphics 630
LogInit: Compiled (64-bit): Oct 11 2020 08:10:49
LogInit: Compiled with Visual C++: 19.24.28315.00
LogInit: Build Configuration: Development
LogInit: Branch Name: ++UE4+Release-4.25
LogInit: Command Line:  /Game/StarterContent/Maps/Minimal_Default -game -PIEVIACONSOLE -Multiprocess "GameUserSettingsINI=D:/Projects/DMG Fall 2021/Unreal Projects/Third Person Demo/git/arts2961-Unreal/githargyro/Saved/Config/Windows/PIEGameUserSettings0.ini" -MultiprocessSaveConfig -MultiprocessOSS -messaging -SessionName="Play in Standalone Game" -windowed -ResX=1280 -ResY=720
LogInit: Base Directory: D:/Applications/Epic Games/UE_4.25/Engine/Binaries/Win64/
LogInit: Allocator: TBB
LogInit: Installed Engine Build: 1
LogDevObjectVersion: Number of dev versions registered: 26
LogDevObjectVersion:   Dev-Blueprints (B0D832E4-1F89-4F0D-ACCF-7EB736FD4AA2): 10
LogDevObjectVersion:   Dev-Build (E1C64328-A22C-4D53-A36C-8E866417BD8C): 0
LogDevObjectVersion:   Dev-Core (375EC13C-06E4-48FB-B500-84F0262A717E): 4
LogDevObjectVersion:   Dev-Editor (E4B068ED-F494-42E9-A231-DA0B2E46BB41): 38
LogDevObjectVersion:   Dev-Framework (CFFC743F-43B0-4480-9391-14DF171D2073): 37
LogDevObjectVersion:   Dev-Mobile (B02B49B5-BB20-44E9-A304-32B752E40360): 2
LogDevObjectVersion:   Dev-Networking (A4E4105C-59A1-49B5-A7C5-40C4547EDFEE): 0
LogDevObjectVersion:   Dev-Online (39C831C9-5AE6-47DC-9A44-9C173E1C8E7C): 0
LogDevObjectVersion:   Dev-Physics (78F01B33-EBEA-4F98-B9B4-84EACCB95AA2): 4
LogDevObjectVersion:   Dev-Platform (6631380F-2D4D-43E0-8009-CF276956A95A): 0
LogDevObjectVersion:   Dev-Rendering (12F88B9F-8875-4AFC-A67C-D90C383ABD29): 43
LogDevObjectVersion:   Dev-Sequencer (7B5AE74C-D270-4C10-A958-57980B212A5A): 12
LogDevObjectVersion:   Dev-VR (D7296918-1DD6-4BDD-9DE2-64A83CC13884): 3
LogDevObjectVersion:   Dev-LoadTimes (C2A15278-BFE7-4AFE-6C17-90FF531DF755): 1
LogDevObjectVersion:   Private-Geometry (6EACA3D4-40EC-4CC1-B786-8BED09428FC5): 3
LogDevObjectVersion:   Dev-AnimPhys (29E575DD-E0A3-4627-9D10-D276232CDCEA): 17
LogDevObjectVersion:   Dev-Anim (AF43A65D-7FD3-4947-9873-3E8ED9C1BB05): 7
LogDevObjectVersion:   Dev-ReflectionCapture (6B266CEC-1EC7-4B8F-A30B-E4D90942FC07): 1
LogDevObjectVersion:   Dev-Automation (0DF73D61-A23F-47EA-B727-89E90C41499A): 1
LogDevObjectVersion:   FortniteMain (601D1886-AC64-4F84-AA16-D3DE0DEAC7D6): 31
LogDevObjectVersion:   Dev-Enterprise (9DFFBCD6-494F-0158-E221-12823C92A888): 10
LogDevObjectVersion:   Dev-Niagara (F2AED0AC-9AFE-416F-8664-AA7FFA26D6FC): 1
LogDevObjectVersion:   Dev-Destruction (174F1F0B-B4C6-45A5-B13F-2EE8D0FB917D): 10
LogDevObjectVersion:   Dev-Physics-Ext (35F94A83-E258-406C-A318-09F59610247C): 37
LogDevObjectVersion:   Dev-PhysicsMaterial-Chaos (B68FC16E-8B1B-42E2-B453-215C058844FE): 1
LogDevObjectVersion:   Dev-CineCamera (B2E18506-4273-CFC2-A54E-F4BB758BBA07): 1
LogInit: Presizing for max 25165824 objects, including 0 objects not considered by GC, pre-allocating 0 bytes for permanent pool.
LogConfig: Applying CVar settings from Section [/Script/Engine.StreamingSettings] File [D:/Projects/DMG Fall 2021/Unreal Projects/Third Person Demo/git/arts2961-Unreal/githargyro/Saved/Config/Windows/Engine.ini]
LogConfig: Setting CVar [[s.MinBulkDataSizeForAsyncLoading:131072]]
LogConfig: Setting CVar [[s.AsyncLoadingThreadEnabled:0]]
LogConfig: Setting CVar [[s.EventDrivenLoaderEnabled:1]]
LogConfig: Setting CVar [[s.WarnIfTimeLimitExceeded:0]]
LogConfig: Setting CVar [[s.TimeLimitExceededMultiplier:1.5]]
LogConfig: Setting CVar [[s.TimeLimitExceededMinTime:0.005]]
LogConfig: Setting CVar [[s.UseBackgroundLevelStreaming:1]]
LogConfig: Setting CVar [[s.PriorityAsyncLoadingExtraTime:15.0]]
LogConfig: Setting CVar [[s.LevelStreamingActorsUpdateTimeLimit:5.0]]
LogConfig: Setting CVar [[s.PriorityLevelStreamingActorsUpdateExtraTime:5.0]]
LogConfig: Setting CVar [[s.LevelStreamingComponentsRegistrationGranularity:10]]
LogConfig: Setting CVar [[s.UnregisterComponentsTimeLimit:1.0]]
LogConfig: Setting CVar [[s.LevelStreamingComponentsUnregistrationGranularity:5]]
LogConfig: Setting CVar [[s.FlushStreamingOnExit:1]]
LogInit: Object subsystem initialized
LogConfig: Setting CVar [[con.DebugEarlyDefault:1]]
LogConfig: Setting CVar [[r.setres:1280x720]]
[2021.10.13-23.15.25:147][  0]LogConfig: Setting CVar [[con.DebugEarlyDefault:1]]
[2021.10.13-23.15.25:147][  0]LogConfig: Setting CVar [[r.setres:1280x720]]
[2021.10.13-23.15.25:147][  0]LogConfig: Applying CVar settings from Section [/Script/Engine.RendererSettings] File [D:/Projects/DMG Fall 2021/Unreal Projects/Third Person Demo/git/arts2961-Unreal/githargyro/Saved/Config/Windows/Engine.ini]
[2021.10.13-23.15.25:147][  0]LogConfig: Setting CVar [[r.GPUCrashDebugging:0]]
[2021.10.13-23.15.25:147][  0]LogConfig: Applying CVar settings from Section [/Script/Engine.RendererOverrideSettings] File [D:/Projects/DMG Fall 2021/Unreal Projects/Third Person Demo/git/arts2961-Unreal/githargyro/Saved/Config/Windows/Engine.ini]
[2021.10.13-23.15.25:147][  0]LogConfig: Applying CVar settings from Section [/Script/Engine.StreamingSettings] File [D:/Projects/DMG Fall 2021/Unreal Projects/Third Person Demo/git/arts2961-Unreal/githargyro/Saved/Config/Windows/Engine.ini]
[2021.10.13-23.15.25:147][  0]LogConfig: Setting CVar [[s.MinBulkDataSizeForAsyncLoading:131072]]
[2021.10.13-23.15.25:147][  0]LogConfig: Setting CVar [[s.AsyncLoadingThreadEnabled:0]]
[2021.10.13-23.15.25:147][  0]LogConfig: Setting CVar [[s.EventDrivenLoaderEnabled:1]]
[2021.10.13-23.15.25:147][  0]LogConfig: Setting CVar [[s.WarnIfTimeLimitExceeded:0]]
[2021.10.13-23.15.25:147][  0]LogConfig: Setting CVar [[s.TimeLimitExceededMultiplier:1.5]]
[2021.10.13-23.15.25:147][  0]LogConfig: Setting CVar [[s.TimeLimitExceededMinTime:0.005]]
[2021.10.13-23.15.25:148][  0]LogConfig: Setting CVar [[s.UseBackgroundLevelStreaming:1]]
[2021.10.13-23.15.25:148][  0]LogConfig: Setting CVar [[s.PriorityAsyncLoadingExtraTime:15.0]]
[2021.10.13-23.15.25:148][  0]LogConfig: Setting CVar [[s.LevelStreamingActorsUpdateTimeLimit:5.0]]
[2021.10.13-23.15.25:148][  0]LogConfig: Setting CVar [[s.PriorityLevelStreamingActorsUpdateExtraTime:5.0]]
[2021.10.13-23.15.25:148][  0]LogConfig: Setting CVar [[s.LevelStreamingComponentsRegistrationGranularity:10]]
[2021.10.13-23.15.25:148][  0]LogConfig: Setting CVar [[s.UnregisterComponentsTimeLimit:1.0]]
[2021.10.13-23.15.25:148][  0]LogConfig: Setting CVar [[s.LevelStreamingComponentsUnregistrationGranularity:5]]
[2021.10.13-23.15.25:148][  0]LogConfig: Setting CVar [[s.FlushStreamingOnExit:1]]
[2021.10.13-23.15.25:148][  0]LogConfig: Applying CVar settings from Section [/Script/Engine.GarbageCollectionSettings] File [D:/Projects/DMG Fall 2021/Unreal Projects/Third Person Demo/git/arts2961-Unreal/githargyro/Saved/Config/Windows/Engine.ini]
[2021.10.13-23.15.25:148][  0]LogConfig: Setting CVar [[gc.MaxObjectsNotConsideredByGC:1]]
[2021.10.13-23.15.25:148][  0]LogConfig: Setting CVar [[gc.SizeOfPermanentObjectPool:0]]
[2021.10.13-23.15.25:148][  0]LogConfig: Setting CVar [[gc.FlushStreamingOnGC:0]]
[2021.10.13-23.15.25:148][  0]LogConfig: Setting CVar [[gc.NumRetriesBeforeForcingGC:10]]
[2021.10.13-23.15.25:148][  0]LogConfig: Setting CVar [[gc.AllowParallelGC:1]]
[2021.10.13-23.15.25:148][  0]LogConfig: Setting CVar [[gc.TimeBetweenPurgingPendingKillObjects:61.1]]
[2021.10.13-23.15.25:148][  0]LogConfig: Setting CVar [[gc.MaxObjectsInEditor:25165824]]
[2021.10.13-23.15.25:148][  0]LogConfig: Setting CVar [[gc.IncrementalBeginDestroyEnabled:1]]
[2021.10.13-23.15.25:148][  0]LogConfig: Setting CVar [[gc.CreateGCClusters:1]]
[2021.10.13-23.15.25:148][  0]LogConfig: Setting CVar [[gc.MinGCClusterSize:5]]
[2021.10.13-23.15.25:148][  0]LogConfig: Setting CVar [[gc.ActorClusteringEnabled:0]]
[2021.10.13-23.15.25:148][  0]LogConfig: Setting CVar [[gc.BlueprintClusteringEnabled:0]]
[2021.10.13-23.15.25:148][  0]LogConfig: Setting CVar [[gc.UseDisregardForGCOnDedicatedServers:0]]
[2021.10.13-23.15.25:148][  0]LogConfig: Applying CVar settings from Section [/Script/Engine.NetworkSettings] File [D:/Projects/DMG Fall 2021/Unreal Projects/Third Person Demo/git/arts2961-Unreal/githargyro/Saved/Config/Windows/Engine.ini]
[2021.10.13-23.15.25:148][  0]LogConfig: Applying CVar settings from Section [/Script/UnrealEd.CookerSettings] File [D:/Projects/DMG Fall 2021/Unreal Projects/Third Person Demo/git/arts2961-Unreal/githargyro/Saved/Config/Windows/Engine.ini]
[2021.10.13-23.15.25:150][  0]LogConfig: Applying CVar settings from Section [ViewDistanceQuality@3] File [D:/Projects/DMG Fall 2021/Unreal Projects/Third Person Demo/git/arts2961-Unreal/githargyro/Saved/Config/Windows/Scalability.ini]
[2021.10.13-23.15.25:150][  0]LogConfig: Setting CVar [[r.SkeletalMeshLODBias:0]]
[2021.10.13-23.15.25:151][  0]LogConfig: Setting CVar [[r.ViewDistanceScale:1.0]]
[2021.10.13-23.15.25:151][  0]LogConfig: Applying CVar settings from Section [AntiAliasingQuality@3] File [D:/Projects/DMG Fall 2021/Unreal Projects/Third Person Demo/git/arts2961-Unreal/githargyro/Saved/Config/Windows/Scalability.ini]
[2021.10.13-23.15.25:151][  0]LogConfig: Setting CVar [[r.PostProcessAAQuality:4]]
[2021.10.13-23.15.25:151][  0]LogConfig: Applying CVar settings from Section [ShadowQuality@3] File [D:/Projects/DMG Fall 2021/Unreal Projects/Third Person Demo/git/arts2961-Unreal/githargyro/Saved/Config/Windows/Scalability.ini]
[2021.10.13-23.15.25:151][  0]LogConfig: Setting CVar [[r.LightFunctionQuality:1]]
[2021.10.13-23.15.25:151][  0]LogConfig: Setting CVar [[r.ShadowQuality:5]]
[2021.10.13-23.15.25:151][  0]LogConfig: Setting CVar [[r.Shadow.CSM.MaxCascades:10]]
[2021.10.13-23.15.25:151][  0]LogConfig: Setting CVar [[r.Shadow.MaxResolution:2048]]
[2021.10.13-23.15.25:151][  0]LogConfig: Setting CVar [[r.Shadow.MaxCSMResolution:2048]]
[2021.10.13-23.15.25:151][  0]LogConfig: Setting CVar [[r.Shadow.RadiusThreshold:0.01]]
[2021.10.13-23.15.25:151][  0]LogConfig: Setting CVar [[r.Shadow.DistanceScale:1.0]]
[2021.10.13-23.15.25:151][  0]LogConfig: Setting CVar [[r.Shadow.CSM.TransitionScale:1.0]]
[2021.10.13-23.15.25:151][  0]LogConfig: Setting CVar [[r.Shadow.PreShadowResolutionFactor:1.0]]
[2021.10.13-23.15.25:151][  0]LogConfig: Setting CVar [[r.DistanceFieldShadowing:1]]
[2021.10.13-23.15.25:151][  0]LogConfig: Setting CVar [[r.DistanceFieldAO:1]]
[2021.10.13-23.15.25:151][  0]LogConfig: Setting CVar [[r.AOQuality:2]]
[2021.10.13-23.15.25:151][  0]LogConfig: Setting CVar [[r.VolumetricFog:1]]
[2021.10.13-23.15.25:151][  0]LogConfig: Setting CVar [[r.VolumetricFog.GridPixelSize:8]]
[2021.10.13-23.15.25:151][  0]LogConfig: Setting CVar [[r.VolumetricFog.GridSizeZ:128]]
[2021.10.13-23.15.25:151][  0]LogConfig: Setting CVar [[r.VolumetricFog.HistoryMissSupersampleCount:4]]
[2021.10.13-23.15.25:151][  0]LogConfig: Setting CVar [[r.LightMaxDrawDistanceScale:1]]
[2021.10.13-23.15.25:151][  0]LogConfig: Setting CVar [[r.CapsuleShadows:1]]
[2021.10.13-23.15.25:151][  0]LogConfig: Applying CVar settings from Section [PostProcessQuality@3] File [D:/Projects/DMG Fall 2021/Unreal Projects/Third Person Demo/git/arts2961-Unreal/githargyro/Saved/Config/Windows/Scalability.ini]
[2021.10.13-23.15.25:151][  0]LogConfig: Setting CVar [[r.MotionBlurQuality:4]]
[2021.10.13-23.15.25:151][  0]LogConfig: Setting CVar [[r.AmbientOcclusionMipLevelFactor:0.4]]
[2021.10.13-23.15.25:151][  0]LogConfig: Setting CVar [[r.AmbientOcclusionMaxQuality:100]]
[2021.10.13-23.15.25:151][  0]LogConfig: Setting CVar [[r.AmbientOcclusionLevels:-1]]
[2021.10.13-23.15.25:151][  0]LogConfig: Setting CVar [[r.AmbientOcclusionRadiusScale:1.0]]
[2021.10.13-23.15.25:151][  0]LogConfig: Setting CVar [[r.DepthOfFieldQuality:2]]
[2021.10.13-23.15.25:151][  0]LogConfig: Setting CVar [[r.RenderTargetPoolMin:400]]
[2021.10.13-23.15.25:151][  0]LogConfig: Setting CVar [[r.LensFlareQuality:2]]
[2021.10.13-23.15.25:151][  0]LogConfig: Setting CVar [[r.SceneColorFringeQuality:1]]
[2021.10.13-23.15.25:151][  0]LogConfig: Setting CVar [[r.EyeAdaptationQuality:2]]
[2021.10.13-23.15.25:151][  0]LogConfig: Setting CVar [[r.BloomQuality:5]]
[2021.10.13-23.15.25:151][  0]LogConfig: Setting CVar [[r.FastBlurThreshold:100]]
[2021.10.13-23.15.25:151][  0]LogConfig: Setting CVar [[r.Upscale.Quality:3]]
[2021.10.13-23.15.25:151][  0]LogConfig: Setting CVar [[r.Tonemapper.GrainQuantization:1]]
[2021.10.13-23.15.25:151][  0]LogConfig: Setting CVar [[r.LightShaftQuality:1]]
[2021.10.13-23.15.25:151][  0]LogConfig: Setting CVar [[r.Filter.SizeScale:1]]
[2021.10.13-23.15.25:151][  0]LogConfig: Setting CVar [[r.Tonemapper.Quality:5]]
[2021.10.13-23.15.25:151][  0]LogConfig: Setting CVar [[r.DOF.Gather.AccumulatorQuality:1        ; higher gathering accumulator quality]]
[2021.10.13-23.15.25:151][  0]LogConfig: Setting CVar [[r.DOF.Gather.PostfilterMethod:1          ; Median3x3 postfilering method]]
[2021.10.13-23.15.25:151][  0]LogConfig: Setting CVar [[r.DOF.Gather.EnableBokehSettings:0       ; no bokeh simulation when gathering]]
[2021.10.13-23.15.25:152][  0]LogConfig: Setting CVar [[r.DOF.Gather.RingCount:4                 ; medium number of samples when gathering]]
[2021.10.13-23.15.25:152][  0]LogConfig: Setting CVar [[r.DOF.Scatter.ForegroundCompositing:1    ; additive foreground scattering]]
[2021.10.13-23.15.25:152][  0]LogConfig: Setting CVar [[r.DOF.Scatter.BackgroundCompositing:2    ; additive background scattering]]
[2021.10.13-23.15.25:152][  0]LogConfig: Setting CVar [[r.DOF.Scatter.EnableBokehSettings:1      ; bokeh simulation when scattering]]
[2021.10.13-23.15.25:152][  0]LogConfig: Setting CVar [[r.DOF.Scatter.MaxSpriteRatio:0.1         ; only a maximum of 10% of scattered bokeh]]
[2021.10.13-23.15.25:152][  0]LogConfig: Setting CVar [[r.DOF.Recombine.Quality:1                ; cheap slight out of focus]]
[2021.10.13-23.15.25:152][  0]LogConfig: Setting CVar [[r.DOF.Recombine.EnableBokehSettings:0    ; no bokeh simulation on slight out of focus]]
[2021.10.13-23.15.25:152][  0]LogConfig: Setting CVar [[r.DOF.TemporalAAQuality:1                ; more stable temporal accumulation]]
[2021.10.13-23.15.25:152][  0]LogConfig: Setting CVar [[r.DOF.Kernel.MaxForegroundRadius:0.025]]
[2021.10.13-23.15.25:152][  0]LogConfig: Setting CVar [[r.DOF.Kernel.MaxBackgroundRadius:0.025]]
[2021.10.13-23.15.25:152][  0]LogConfig: Applying CVar settings from Section [TextureQuality@3] File [D:/Projects/DMG Fall 2021/Unreal Projects/Third Person Demo/git/arts2961-Unreal/githargyro/Saved/Config/Windows/Scalability.ini]
[2021.10.13-23.15.25:152][  0]LogConfig: Setting CVar [[r.Streaming.MipBias:0]]
[2021.10.13-23.15.25:152][  0]LogConfig: Setting CVar [[r.Streaming.AmortizeCPUToGPUCopy:0]]
[2021.10.13-23.15.25:152][  0]LogConfig: Setting CVar [[r.Streaming.MaxNumTexturesToStreamPerFrame:0]]
[2021.10.13-23.15.25:152][  0]LogConfig: Setting CVar [[r.Streaming.Boost:1]]
[2021.10.13-23.15.25:152][  0]LogConfig: Setting CVar [[r.MaxAnisotropy:8]]
[2021.10.13-23.15.25:152][  0]LogConfig: Setting CVar [[r.VT.MaxAnisotropy:8]]
[2021.10.13-23.15.25:152][  0]LogConfig: Setting CVar [[r.Streaming.LimitPoolSizeToVRAM:0]]
[2021.10.13-23.15.25:152][  0]LogConfig: Setting CVar [[r.Streaming.PoolSize:1000]]
[2021.10.13-23.15.25:152][  0]LogConfig: Setting CVar [[r.Streaming.MaxEffectiveScreenSize:0]]
[2021.10.13-23.15.25:152][  0]LogConfig: Applying CVar settings from Section [EffectsQuality@3] File [D:/Projects/DMG Fall 2021/Unreal Projects/Third Person Demo/git/arts2961-Unreal/githargyro/Saved/Config/Windows/Scalability.ini]
[2021.10.13-23.15.25:152][  0]LogConfig: Setting CVar [[r.TranslucencyLightingVolumeDim:64]]
[2021.10.13-23.15.25:152][  0]LogConfig: Setting CVar [[r.RefractionQuality:2]]
[2021.10.13-23.15.25:152][  0]LogConfig: Setting CVar [[r.SSR.Quality:3]]
[2021.10.13-23.15.25:152][  0]LogConfig: Setting CVar [[r.SSR.HalfResSceneColor:0]]
[2021.10.13-23.15.25:152][  0]LogConfig: Setting CVar [[r.SceneColorFormat:4]]
[2021.10.13-23.15.25:152][  0]LogConfig: Setting CVar [[r.DetailMode:2]]
[2021.10.13-23.15.25:152][  0]LogConfig: Setting CVar [[r.TranslucencyVolumeBlur:1]]
[2021.10.13-23.15.25:152][  0]LogConfig: Setting CVar [[r.MaterialQualityLevel:1 ; High quality]]
[2021.10.13-23.15.25:152][  0]LogConfig: Setting CVar [[r.SSS.Scale:1]]
[2021.10.13-23.15.25:152][  0]LogConfig: Setting CVar [[r.SSS.SampleSet:2]]
[2021.10.13-23.15.25:152][  0]LogConfig: Setting CVar [[r.SSS.Quality:1]]
[2021.10.13-23.15.25:152][  0]LogConfig: Setting CVar [[r.SSS.HalfRes:0]]
[2021.10.13-23.15.25:152][  0]LogConfig: Setting CVar [[r.SSGI.Quality:3]]
[2021.10.13-23.15.25:152][  0]LogConfig: Setting CVar [[r.EmitterSpawnRateScale:1.0]]
[2021.10.13-23.15.25:152][  0]LogConfig: Setting CVar [[r.ParticleLightQuality:2]]
[2021.10.13-23.15.25:152][  0]LogConfig: Setting CVar [[r.SkyAtmosphere.AerialPerspectiveLUT.FastApplyOnOpaque:1 ; Always have FastSkyLUT 1 in this case to avoid wrong sky]]
[2021.10.13-23.15.25:152][  0]LogConfig: Setting CVar [[r.SkyAtmosphere.AerialPerspectiveLUT.SampleCountPerSlice:1]]
[2021.10.13-23.15.25:152][  0]LogConfig: Setting CVar [[r.SkyAtmosphere.AerialPerspectiveLUT.DepthResolution:16.0]]
[2021.10.13-23.15.25:152][  0]LogConfig: Setting CVar [[r.SkyAtmosphere.FastSkyLUT:1]]
[2021.10.13-23.15.25:152][  0]LogConfig: Setting CVar [[r.SkyAtmosphere.FastSkyLUT.SampleCountMin:4.0]]
[2021.10.13-23.15.25:152][  0]LogConfig: Setting CVar [[r.SkyAtmosphere.FastSkyLUT.SampleCountMax:32.0]]
[2021.10.13-23.15.25:152][  0]LogConfig: Setting CVar [[r.SkyAtmosphere.SampleCountMin:4.0]]
[2021.10.13-23.15.25:152][  0]LogConfig: Setting CVar [[r.SkyAtmosphere.SampleCountMax:32.0]]
[2021.10.13-23.15.25:152][  0]LogConfig: Setting CVar [[r.SkyAtmosphere.TransmittanceLUT.UseSmallFormat:0]]
[2021.10.13-23.15.25:152][  0]LogConfig: Setting CVar [[r.SkyAtmosphere.TransmittanceLUT.SampleCount:10.0]]
[2021.10.13-23.15.25:152][  0]LogConfig: Setting CVar [[r.SkyAtmosphere.MultiScatteringLUT.SampleCount:15.0]]
[2021.10.13-23.15.25:152][  0]LogConfig: Applying CVar settings from Section [FoliageQuality@3] File [D:/Projects/DMG Fall 2021/Unreal Projects/Third Person Demo/git/arts2961-Unreal/githargyro/Saved/Config/Windows/Scalability.ini]
[2021.10.13-23.15.25:152][  0]LogConfig: Setting CVar [[foliage.DensityScale:1.0]]
[2021.10.13-23.15.25:152][  0]LogConfig: Setting CVar [[grass.DensityScale:1.0]]
[2021.10.13-23.15.25:152][  0]LogConfig: Applying CVar settings from Section [ShadingQuality@3] File [D:/Projects/DMG Fall 2021/Unreal Projects/Third Person Demo/git/arts2961-Unreal/githargyro/Saved/Config/Windows/Scalability.ini]
[2021.10.13-23.15.25:152][  0]LogConfig: Setting CVar [[r.HairStrands.SkyLighting.SampleCount:16]]
[2021.10.13-23.15.25:153][  0]LogConfig: Setting CVar [[r.HairStrands.SkyLighting.JitterIntegration:0]]
[2021.10.13-23.15.25:153][  0]LogConfig: Setting CVar [[r.HairStrands.SkyAO.SampleCount:16]]
[2021.10.13-23.15.25:153][  0]LogConfig: Setting CVar [[r.HairStrands.DeepShadow.SuperSampling:0]]
[2021.10.13-23.15.25:153][  0]LogConfig: Setting CVar [[r.HairStrands.VisibilityPPLL:0]]
[2021.10.13-23.15.25:153][  0]LogConfig: Setting CVar [[r.HairStrands.RasterizationScale:0.5]]
[2021.10.13-23.15.25:153][  0]LogConfig: Setting CVar [[r.HairStrands.VelocityRasterizationScale:1]]
[2021.10.13-23.15.25:153][  0]LogInit: Selected Device Profile: [Windows]
[2021.10.13-23.15.25:153][  0]LogInit: Applying CVar settings loaded from the selected device profile: [Windows]
[2021.10.13-23.15.25:153][  0]LogHAL: Display: Platform has ~ 16 GB [17051869184 / 17179869184 / 16], which maps to Larger [LargestMinGB=32, LargerMinGB=12, DefaultMinGB=8, SmallerMinGB=6, SmallestMinGB=0)
[2021.10.13-23.15.25:153][  0]LogInit: Going up to parent DeviceProfile []
[2021.10.13-23.15.25:153][  0]LogConfig: Applying CVar settings from Section [ViewDistanceQuality@3] File [D:/Projects/DMG Fall 2021/Unreal Projects/Third Person Demo/git/arts2961-Unreal/githargyro/Saved/Config/Windows/Scalability.ini]
[2021.10.13-23.15.25:153][  0]LogConfig: Setting CVar [[r.SkeletalMeshLODBias:0]]
[2021.10.13-23.15.25:153][  0]LogConfig: Setting CVar [[r.ViewDistanceScale:1.0]]
[2021.10.13-23.15.25:153][  0]LogConfig: Applying CVar settings from Section [AntiAliasingQuality@3] File [D:/Projects/DMG Fall 2021/Unreal Projects/Third Person Demo/git/arts2961-Unreal/githargyro/Saved/Config/Windows/Scalability.ini]
[2021.10.13-23.15.25:153][  0]LogConfig: Setting CVar [[r.PostProcessAAQuality:4]]
[2021.10.13-23.15.25:153][  0]LogConfig: Applying CVar settings from Section [ShadowQuality@3] File [D:/Projects/DMG Fall 2021/Unreal Projects/Third Person Demo/git/arts2961-Unreal/githargyro/Saved/Config/Windows/Scalability.ini]
[2021.10.13-23.15.25:153][  0]LogConfig: Setting CVar [[r.LightFunctionQuality:1]]
[2021.10.13-23.15.25:153][  0]LogConfig: Setting CVar [[r.ShadowQuality:5]]
[2021.10.13-23.15.25:153][  0]LogConfig: Setting CVar [[r.Shadow.CSM.MaxCascades:10]]
[2021.10.13-23.15.25:153][  0]LogConfig: Setting CVar [[r.Shadow.MaxResolution:2048]]
[2021.10.13-23.15.25:153][  0]LogConfig: Setting CVar [[r.Shadow.MaxCSMResolution:2048]]
[2021.10.13-23.15.25:153][  0]LogConfig: Setting CVar [[r.Shadow.RadiusThreshold:0.01]]
[2021.10.13-23.15.25:153][  0]LogConfig: Setting CVar [[r.Shadow.DistanceScale:1.0]]
[2021.10.13-23.15.25:153][  0]LogConfig: Setting CVar [[r.Shadow.CSM.TransitionScale:1.0]]
[2021.10.13-23.15.25:153][  0]LogConfig: Setting CVar [[r.Shadow.PreShadowResolutionFactor:1.0]]
[2021.10.13-23.15.25:153][  0]LogConfig: Setting CVar [[r.DistanceFieldShadowing:1]]
[2021.10.13-23.15.25:153][  0]LogConfig: Setting CVar [[r.DistanceFieldAO:1]]
[2021.10.13-23.15.25:153][  0]LogConfig: Setting CVar [[r.AOQuality:2]]
[2021.10.13-23.15.25:153][  0]LogConfig: Setting CVar [[r.VolumetricFog:1]]
[2021.10.13-23.15.25:153][  0]LogConfig: Setting CVar [[r.VolumetricFog.GridPixelSize:8]]
[2021.10.13-23.15.25:153][  0]LogConfig: Setting CVar [[r.VolumetricFog.GridSizeZ:128]]
[2021.10.13-23.15.25:153][  0]LogConfig: Setting CVar [[r.VolumetricFog.HistoryMissSupersampleCount:4]]
[2021.10.13-23.15.25:153][  0]LogConfig: Setting CVar [[r.LightMaxDrawDistanceScale:1]]
[2021.10.13-23.15.25:153][  0]LogConfig: Setting CVar [[r.CapsuleShadows:1]]
[2021.10.13-23.15.25:153][  0]LogConfig: Applying CVar settings from Section [PostProcessQuality@3] File [D:/Projects/DMG Fall 2021/Unreal Projects/Third Person Demo/git/arts2961-Unreal/githargyro/Saved/Config/Windows/Scalability.ini]
[2021.10.13-23.15.25:153][  0]LogConfig: Setting CVar [[r.MotionBlurQuality:4]]
[2021.10.13-23.15.25:153][  0]LogConfig: Setting CVar [[r.AmbientOcclusionMipLevelFactor:0.4]]
[2021.10.13-23.15.25:153][  0]LogConfig: Setting CVar [[r.AmbientOcclusionMaxQuality:100]]
[2021.10.13-23.15.25:153][  0]LogConfig: Setting CVar [[r.AmbientOcclusionLevels:-1]]
[2021.10.13-23.15.25:153][  0]LogConfig: Setting CVar [[r.AmbientOcclusionRadiusScale:1.0]]
[2021.10.13-23.15.25:153][  0]LogConfig: Setting CVar [[r.DepthOfFieldQuality:2]]
[2021.10.13-23.15.25:153][  0]LogConfig: Setting CVar [[r.RenderTargetPoolMin:400]]
[2021.10.13-23.15.25:153][  0]LogConfig: Setting CVar [[r.LensFlareQuality:2]]
[2021.10.13-23.15.25:153][  0]LogConfig: Setting CVar [[r.SceneColorFringeQuality:1]]
[2021.10.13-23.15.25:153][  0]LogConfig: Setting CVar [[r.EyeAdaptationQuality:2]]
[2021.10.13-23.15.25:153][  0]LogConfig: Setting CVar [[r.BloomQuality:5]]
[2021.10.13-23.15.25:153][  0]LogConfig: Setting CVar [[r.FastBlurThreshold:100]]
[2021.10.13-23.15.25:153][  0]LogConfig: Setting CVar [[r.Upscale.Quality:3]]
[2021.10.13-23.15.25:153][  0]LogConfig: Setting CVar [[r.Tonemapper.GrainQuantization:1]]
[2021.10.13-23.15.25:153][  0]LogConfig: Setting CVar [[r.LightShaftQuality:1]]
[2021.10.13-23.15.25:153][  0]LogConfig: Setting CVar [[r.Filter.SizeScale:1]]
[2021.10.13-23.15.25:153][  0]LogConfig: Setting CVar [[r.Tonemapper.Quality:5]]
[2021.10.13-23.15.25:153][  0]LogConfig: Setting CVar [[r.DOF.Gather.AccumulatorQuality:1        ; higher gathering accumulator quality]]
[2021.10.13-23.15.25:153][  0]LogConfig: Setting CVar [[r.DOF.Gather.PostfilterMethod:1          ; Median3x3 postfilering method]]
[2021.10.13-23.15.25:153][  0]LogConfig: Setting CVar [[r.DOF.Gather.EnableBokehSettings:0       ; no bokeh simulation when gathering]]
[2021.10.13-23.15.25:153][  0]LogConfig: Setting CVar [[r.DOF.Gather.RingCount:4                 ; medium number of samples when gathering]]
[2021.10.13-23.15.25:153][  0]LogConfig: Setting CVar [[r.DOF.Scatter.ForegroundCompositing:1    ; additive foreground scattering]]
[2021.10.13-23.15.25:153][  0]LogConfig: Setting CVar [[r.DOF.Scatter.BackgroundCompositing:2    ; additive background scattering]]
[2021.10.13-23.15.25:154][  0]LogConfig: Setting CVar [[r.DOF.Scatter.EnableBokehSettings:1      ; bokeh simulation when scattering]]
[2021.10.13-23.15.25:154][  0]LogConfig: Setting CVar [[r.DOF.Scatter.MaxSpriteRatio:0.1         ; only a maximum of 10% of scattered bokeh]]
[2021.10.13-23.15.25:154][  0]LogConfig: Setting CVar [[r.DOF.Recombine.Quality:1                ; cheap slight out of focus]]
[2021.10.13-23.15.25:154][  0]LogConfig: Setting CVar [[r.DOF.Recombine.EnableBokehSettings:0    ; no bokeh simulation on slight out of focus]]
[2021.10.13-23.15.25:154][  0]LogConfig: Setting CVar [[r.DOF.TemporalAAQuality:1                ; more stable temporal accumulation]]
[2021.10.13-23.15.25:154][  0]LogConfig: Setting CVar [[r.DOF.Kernel.MaxForegroundRadius:0.025]]
[2021.10.13-23.15.25:154][  0]LogConfig: Setting CVar [[r.DOF.Kernel.MaxBackgroundRadius:0.025]]
[2021.10.13-23.15.25:154][  0]LogConfig: Applying CVar settings from Section [TextureQuality@3] File [D:/Projects/DMG Fall 2021/Unreal Projects/Third Person Demo/git/arts2961-Unreal/githargyro/Saved/Config/Windows/Scalability.ini]
[2021.10.13-23.15.25:154][  0]LogConfig: Setting CVar [[r.Streaming.MipBias:0]]
[2021.10.13-23.15.25:154][  0]LogConfig: Setting CVar [[r.Streaming.AmortizeCPUToGPUCopy:0]]
[2021.10.13-23.15.25:154][  0]LogConfig: Setting CVar [[r.Streaming.MaxNumTexturesToStreamPerFrame:0]]
[2021.10.13-23.15.25:154][  0]LogConfig: Setting CVar [[r.Streaming.Boost:1]]
[2021.10.13-23.15.25:154][  0]LogConfig: Setting CVar [[r.MaxAnisotropy:8]]
[2021.10.13-23.15.25:154][  0]LogConfig: Setting CVar [[r.VT.MaxAnisotropy:8]]
[2021.10.13-23.15.25:154][  0]LogConfig: Setting CVar [[r.Streaming.LimitPoolSizeToVRAM:0]]
[2021.10.13-23.15.25:154][  0]LogConfig: Setting CVar [[r.Streaming.PoolSize:1000]]
[2021.10.13-23.15.25:154][  0]LogConfig: Setting CVar [[r.Streaming.MaxEffectiveScreenSize:0]]
[2021.10.13-23.15.25:154][  0]LogConfig: Applying CVar settings from Section [EffectsQuality@3] File [D:/Projects/DMG Fall 2021/Unreal Projects/Third Person Demo/git/arts2961-Unreal/githargyro/Saved/Config/Windows/Scalability.ini]
[2021.10.13-23.15.25:154][  0]LogConfig: Setting CVar [[r.TranslucencyLightingVolumeDim:64]]
[2021.10.13-23.15.25:154][  0]LogConfig: Setting CVar [[r.RefractionQuality:2]]
[2021.10.13-23.15.25:154][  0]LogConfig: Setting CVar [[r.SSR.Quality:3]]
[2021.10.13-23.15.25:154][  0]LogConfig: Setting CVar [[r.SSR.HalfResSceneColor:0]]
[2021.10.13-23.15.25:154][  0]LogConfig: Setting CVar [[r.SceneColorFormat:4]]
[2021.10.13-23.15.25:154][  0]LogConfig: Setting CVar [[r.DetailMode:2]]
[2021.10.13-23.15.25:154][  0]LogConfig: Setting CVar [[r.TranslucencyVolumeBlur:1]]
[2021.10.13-23.15.25:154][  0]LogConfig: Setting CVar [[r.MaterialQualityLevel:1 ; High quality]]
[2021.10.13-23.15.25:154][  0]LogConfig: Setting CVar [[r.SSS.Scale:1]]
[2021.10.13-23.15.25:154][  0]LogConfig: Setting CVar [[r.SSS.SampleSet:2]]
[2021.10.13-23.15.25:154][  0]LogConfig: Setting CVar [[r.SSS.Quality:1]]
[2021.10.13-23.15.25:154][  0]LogConfig: Setting CVar [[r.SSS.HalfRes:0]]
[2021.10.13-23.15.25:154][  0]LogConfig: Setting CVar [[r.SSGI.Quality:3]]
[2021.10.13-23.15.25:154][  0]LogConfig: Setting CVar [[r.EmitterSpawnRateScale:1.0]]
[2021.10.13-23.15.25:154][  0]LogConfig: Setting CVar [[r.ParticleLightQuality:2]]
[2021.10.13-23.15.25:154][  0]LogConfig: Setting CVar [[r.SkyAtmosphere.AerialPerspectiveLUT.FastApplyOnOpaque:1 ; Always have FastSkyLUT 1 in this case to avoid wrong sky]]
[2021.10.13-23.15.25:154][  0]LogConfig: Setting CVar [[r.SkyAtmosphere.AerialPerspectiveLUT.SampleCountPerSlice:1]]
[2021.10.13-23.15.25:154][  0]LogConfig: Setting CVar [[r.SkyAtmosphere.AerialPerspectiveLUT.DepthResolution:16.0]]
[2021.10.13-23.15.25:154][  0]LogConfig: Setting CVar [[r.SkyAtmosphere.FastSkyLUT:1]]
[2021.10.13-23.15.25:154][  0]LogConfig: Setting CVar [[r.SkyAtmosphere.FastSkyLUT.SampleCountMin:4.0]]
[2021.10.13-23.15.25:154][  0]LogConfig: Setting CVar [[r.SkyAtmosphere.FastSkyLUT.SampleCountMax:32.0]]
[2021.10.13-23.15.25:154][  0]LogConfig: Setting CVar [[r.SkyAtmosphere.SampleCountMin:4.0]]
[2021.10.13-23.15.25:154][  0]LogConfig: Setting CVar [[r.SkyAtmosphere.SampleCountMax:32.0]]
[2021.10.13-23.15.25:154][  0]LogConfig: Setting CVar [[r.SkyAtmosphere.TransmittanceLUT.UseSmallFormat:0]]
[2021.10.13-23.15.25:154][  0]LogConfig: Setting CVar [[r.SkyAtmosphere.TransmittanceLUT.SampleCount:10.0]]
[2021.10.13-23.15.25:154][  0]LogConfig: Setting CVar [[r.SkyAtmosphere.MultiScatteringLUT.SampleCount:15.0]]
[2021.10.13-23.15.25:154][  0]LogConfig: Applying CVar settings from Section [FoliageQuality@3] File [D:/Projects/DMG Fall 2021/Unreal Projects/Third Person Demo/git/arts2961-Unreal/githargyro/Saved/Config/Windows/Scalability.ini]
[2021.10.13-23.15.25:154][  0]LogConfig: Setting CVar [[foliage.DensityScale:1.0]]
[2021.10.13-23.15.25:154][  0]LogConfig: Setting CVar [[grass.DensityScale:1.0]]
[2021.10.13-23.15.25:154][  0]LogConfig: Applying CVar settings from Section [ShadingQuality@3] File [D:/Projects/DMG Fall 2021/Unreal Projects/Third Person Demo/git/arts2961-Unreal/githargyro/Saved/Config/Windows/Scalability.ini]
[2021.10.13-23.15.25:154][  0]LogConfig: Setting CVar [[r.HairStrands.SkyLighting.SampleCount:16]]
[2021.10.13-23.15.25:154][  0]LogConfig: Setting CVar [[r.HairStrands.SkyLighting.JitterIntegration:0]]
[2021.10.13-23.15.25:154][  0]LogConfig: Setting CVar [[r.HairStrands.SkyAO.SampleCount:16]]
[2021.10.13-23.15.25:154][  0]LogConfig: Setting CVar [[r.HairStrands.DeepShadow.SuperSampling:0]]
[2021.10.13-23.15.25:154][  0]LogConfig: Setting CVar [[r.HairStrands.VisibilityPPLL:0]]
[2021.10.13-23.15.25:154][  0]LogConfig: Setting CVar [[r.HairStrands.RasterizationScale:0.5]]
[2021.10.13-23.15.25:154][  0]LogConfig: Setting CVar [[r.HairStrands.VelocityRasterizationScale:1]]
[2021.10.13-23.15.25:155][  0]LogConfig: Applying CVar settings from Section [Startup] File [../../../Engine/Config/ConsoleVariables.ini]
[2021.10.13-23.15.25:155][  0]LogConfig: Setting CVar [[net.UseAdaptiveNetUpdateFrequency:0]]
[2021.10.13-23.15.25:155][  0]LogConfig: Setting CVar [[p.chaos.AllowCreatePhysxBodies:1]]
[2021.10.13-23.15.25:155][  0]LogConfig: Setting CVar [[fx.SkipVectorVMBackendOptimizations:1]]
[2021.10.13-23.15.25:155][  0]LogConfig: Applying CVar settings from Section [ConsoleVariables] File [D:/Projects/DMG Fall 2021/Unreal Projects/Third Person Demo/git/arts2961-Unreal/githargyro/Saved/Config/Windows/Engine.ini]
[2021.10.13-23.15.25:155][  0]LogInit: Computer: MSI01
[2021.10.13-23.15.25:155][  0]LogInit: User: rob
[2021.10.13-23.15.25:155][  0]LogInit: CPU Page size=4096, Cores=6
[2021.10.13-23.15.25:155][  0]LogInit: High frequency timer resolution =10.000000 MHz
[2021.10.13-23.15.25:155][  0]LogMemory: Memory total: Physical=15.9GB (16GB approx)
[2021.10.13-23.15.25:156][  0]LogMemory: Platform Memory Stats for Windows
[2021.10.13-23.15.25:156][  0]LogMemory: Process Physical Memory: 118.91 MB used, 118.91 MB peak
[2021.10.13-23.15.25:156][  0]LogMemory: Process Virtual Memory: 101.07 MB used, 101.07 MB peak
[2021.10.13-23.15.25:156][  0]LogMemory: Physical Memory: 10229.63 MB used,  6032.30 MB free, 16261.93 MB total
[2021.10.13-23.15.25:156][  0]LogMemory: Virtual Memory: 5208.10 MB used,  134212520.00 MB free, 134217728.00 MB total
[2021.10.13-23.15.25:231][  0]LogWindows: WindowsPlatformFeatures enabled
[2021.10.13-23.15.25:277][  0]LogInit: Physics initialised using underlying interface: PhysX
[2021.10.13-23.15.25:277][  0]LogInit: Using OS detected language (en-US).
[2021.10.13-23.15.25:277][  0]LogInit: Using OS detected locale (en-US).
[2021.10.13-23.15.25:278][  0]LogTextLocalizationManager: No specific localization for 'en-US' exists, so the 'en' localization will be used.
[2021.10.13-23.15.25:606][  0]LogSlate: New Slate User Created.  User Index 0, Is Virtual User: 0
[2021.10.13-23.15.25:606][  0]LogSlate: Slate User Registered.  User Index 0, Is Virtual User: 0
[2021.10.13-23.15.25:660][  0]LogHMD: Failed to initialize OpenVR with code 110
[2021.10.13-23.15.25:660][  0]LogD3D11RHI: D3D11 min allowed feature level: 11_0
[2021.10.13-23.15.25:660][  0]LogD3D11RHI: D3D11 max allowed feature level: 11_0
[2021.10.13-23.15.25:660][  0]LogD3D11RHI: D3D11 adapters:
[2021.10.13-23.15.25:744][  0]LogD3D11RHI:    0. 'NVIDIA GeForce GTX 1070 with Max-Q Design' (Feature Level 11_0)
[2021.10.13-23.15.25:744][  0]LogD3D11RHI:       8081/0/8130 MB DedicatedVideo/DedicatedSystem/SharedSystem, Outputs:1, VendorId:0x10de
[2021.10.13-23.15.25:757][  0]LogD3D11RHI:    1. 'Intel(R) UHD Graphics 630' (Feature Level 11_0)
[2021.10.13-23.15.25:757][  0]LogD3D11RHI:       128/0/8130 MB DedicatedVideo/DedicatedSystem/SharedSystem, Outputs:0, VendorId:0x8086
[2021.10.13-23.15.25:760][  0]LogD3D11RHI:    2. 'Microsoft Basic Render Driver' (Feature Level 11_0)
[2021.10.13-23.15.25:760][  0]LogD3D11RHI:       0/0/8130 MB DedicatedVideo/DedicatedSystem/SharedSystem, Outputs:0, VendorId:0x1414
[2021.10.13-23.15.25:760][  0]LogD3D11RHI: Chosen D3D11 Adapter: 0
[2021.10.13-23.15.25:810][  0]LogD3D11RHI: Creating new Direct3DDevice
[2021.10.13-23.15.25:810][  0]LogD3D11RHI:     GPU DeviceId: 0x1ba1 (for the marketing name, search the web for "GPU Device Id")
[2021.10.13-23.15.25:810][  0]LogWindows: EnumDisplayDevices:
[2021.10.13-23.15.25:810][  0]LogWindows:    0. 'Intel(R) UHD Graphics 630' (P:1 D:1)
[2021.10.13-23.15.25:810][  0]LogWindows:    1. 'Intel(R) UHD Graphics 630' (P:0 D:0)
[2021.10.13-23.15.25:811][  0]LogWindows:    2. 'Intel(R) UHD Graphics 630' (P:0 D:0)
[2021.10.13-23.15.25:811][  0]LogWindows:    3. 'NVIDIA GeForce GTX 1070 with Max-Q Design' (P:0 D:0)
[2021.10.13-23.15.25:811][  0]LogWindows:    4. 'NVIDIA GeForce GTX 1070 with Max-Q Design' (P:0 D:0)
[2021.10.13-23.15.25:811][  0]LogWindows:    5. 'NVIDIA GeForce GTX 1070 with Max-Q Design' (P:0 D:0)
[2021.10.13-23.15.25:812][  0]LogWindows:    6. 'NVIDIA GeForce GTX 1070 with Max-Q Design' (P:0 D:0)
[2021.10.13-23.15.25:812][  0]LogWindows: DebugString: PrimaryIsNotTheChoosenAdapter PrimaryIsNotTheChoosenAdapter PrimaryIsNotTheChoosenAdapter FoundDriverCount:4 
[2021.10.13-23.15.25:812][  0]LogD3D11RHI:     Adapter Name: NVIDIA GeForce GTX 1070 with Max-Q Design
[2021.10.13-23.15.25:812][  0]LogD3D11RHI:   Driver Version: 416.94 (internal:25.21.14.1694, unified:416.94)
[2021.10.13-23.15.25:812][  0]LogD3D11RHI:      Driver Date: 11-12-2018
[2021.10.13-23.15.25:812][  0]LogRHI: Texture pool is 5656 MB (70% of 8081 MB)
[2021.10.13-23.15.25:870][  0]LogD3D11RHI: RHI has support for 64 bit atomics
[2021.10.13-23.15.25:870][  0]LogD3D11RHI: Async texture creation enabled
[2021.10.13-23.15.25:870][  0]LogD3D11RHI: Array index from any shader is supported
[2021.10.13-23.15.25:909][  0]LogD3D11RHI: GPU Timing Frequency: 1000.000000 (Debug: 2 2)
[2021.10.13-23.15.26:242][  0]LogTargetPlatformManager: Display: Loaded TargetPlatform 'WindowsNoEditor'
[2021.10.13-23.15.26:246][  0]LogTargetPlatformManager: Display: Loaded TargetPlatform 'Windows'
[2021.10.13-23.15.26:255][  0]LogTargetPlatformManager: Display: Loaded TargetPlatform 'WindowsClient'
[2021.10.13-23.15.26:263][  0]LogTargetPlatformManager: Display: Loaded TargetPlatform 'WindowsServer'
[2021.10.13-23.15.26:263][  0]LogTargetPlatformManager: Display: Building Assets For Windows
[2021.10.13-23.15.26:270][  0]LogAudioDebug: Display: Lib vorbis DLL was dynamically loaded.
[2021.10.13-23.15.26:317][  0]LogShaderCompilers: Guid format shader working directory is -62 characters bigger than the processId version (../../../../../../Projects/DMG Fall 2021/Unreal Projects/Third Person Demo/git/arts2961-Unreal/githargyro/Intermediate/Shaders/WorkingDirectory/12600/).
[2021.10.13-23.15.26:317][  0]LogShaderCompilers: Cleaned the shader compiler working directory 'C:/Users/rob/AppData/Local/Temp/UnrealShaderWorkingDir/2D5FD29A49168CF1C628CAB589962AC4/'.
[2021.10.13-23.15.26:318][  0]LogXGEController: Cannot use XGE Controller as Incredibuild is not installed on this machine.
[2021.10.13-23.15.26:318][  0]LogShaderCompilers: Cannot use XGE Shader Compiler as Incredibuild is not installed on this machine.
[2021.10.13-23.15.26:318][  0]LogShaderCompilers: Display: Using Local Shader Compiler.
[2021.10.13-23.15.27:104][  0]LogDerivedDataCache: Display: Max Cache Size: 512 MB
[2021.10.13-23.15.27:161][  0]LogDerivedDataCache: Loaded boot cache 0.06s 79MB C:/Users/rob/AppData/Local/UnrealEngine/4.25/DerivedDataCache/Boot.ddc.
[2021.10.13-23.15.27:162][  0]LogDerivedDataCache: Display: Loaded Boot cache: C:/Users/rob/AppData/Local/UnrealEngine/4.25/DerivedDataCache/Boot.ddc
[2021.10.13-23.15.27:162][  0]LogDerivedDataCache: FDerivedDataBackendGraph:  Pak pak cache file ../../../../../../Projects/DMG Fall 2021/Unreal Projects/Third Person Demo/git/arts2961-Unreal/githargyro/DerivedDataCache/DDC.ddp not found, will not use a pak cache.
[2021.10.13-23.15.27:162][  0]LogDerivedDataCache: Unable to find inner node Pak for hierarchical cache Hierarchy.
[2021.10.13-23.15.27:162][  0]LogDerivedDataCache: FDerivedDataBackendGraph:  CompressedPak pak cache file ../../../../../../Projects/DMG Fall 2021/Unreal Projects/Third Person Demo/git/arts2961-Unreal/githargyro/DerivedDataCache/Compressed.ddp not found, will not use a pak cache.
[2021.10.13-23.15.27:162][  0]LogDerivedDataCache: Unable to find inner node CompressedPak for hierarchical cache Hierarchy.
[2021.10.13-23.15.27:171][  0]LogDerivedDataCache: Display: Pak cache opened for reading ../../../Engine/DerivedDataCache/Compressed.ddp.
[2021.10.13-23.15.27:171][  0]LogDerivedDataCache: FDerivedDataBackendGraph:  EnterprisePak pak cache file ../../../Enterprise/DerivedDataCache/Compressed.ddp not found, will not use a pak cache.
[2021.10.13-23.15.27:171][  0]LogDerivedDataCache: Unable to find inner node EnterprisePak for hierarchical cache Hierarchy.
[2021.10.13-23.15.27:173][  0]LogDerivedDataCache: Using Local data cache path C:/Users/rob/AppData/Local/UnrealEngine/Common/DerivedDataCache: Writable
[2021.10.13-23.15.27:173][  0]LogDerivedDataCache: Shared data cache path not found in *engine.ini, will not use an Shared cache.
[2021.10.13-23.15.27:173][  0]LogDerivedDataCache: Unable to find inner node Shared for hierarchical cache Hierarchy.
[2021.10.13-23.15.27:214][  0]LogSlate: Using FreeType 2.10.0
[2021.10.13-23.15.27:215][  0]LogSlate: SlateFontServices - WITH_FREETYPE: 1, WITH_HARFBUZZ: 1
[2021.10.13-23.15.27:318][  0]LogInit: Using OS detected language (en-US).
[2021.10.13-23.15.27:318][  0]LogInit: Using OS detected locale (en-US).
[2021.10.13-23.15.27:318][  0]LogTextLocalizationManager: No localization for 'en-US' exists, so 'en' will be used for the language.
[2021.10.13-23.15.27:318][  0]LogTextLocalizationManager: No localization for 'en-US' exists, so 'en' will be used for the locale.
[2021.10.13-23.15.27:318][  0]LogSlate: FontCache flush requested. Reason: Culture for localization was changed
[2021.10.13-23.15.27:318][  0]LogSlate: FontCache flush requested. Reason: Culture for localization was changed
[2021.10.13-23.15.27:322][  0]LogTextLocalizationManager: Compacting localization data took   0.00ms
[2021.10.13-23.15.27:325][  0]LogAssetRegistry: FAssetRegistry took 0.0017 seconds to start up
[2021.10.13-23.15.27:538][  0]LogPackageLocalizationCache: Processed 19 localized package path(s) for 1 prioritized culture(s) in 0.000922 seconds
[2021.10.13-23.15.27:589][  0]LogInit: Selected Device Profile: [Windows]
[2021.10.13-23.15.27:699][  0]LogMeshReduction: Using QuadricMeshReduction for automatic static mesh reduction
[2021.10.13-23.15.27:699][  0]LogMeshReduction: Using SimplygonMeshReduction for automatic skeletal mesh reduction
[2021.10.13-23.15.27:699][  0]LogMeshReduction: Using ProxyLODMeshReduction for automatic mesh merging
[2021.10.13-23.15.27:699][  0]LogMeshReduction: No distributed automatic mesh merging module available
[2021.10.13-23.15.27:699][  0]LogMeshMerging: No distributed automatic mesh merging module available
[2021.10.13-23.15.27:712][  0]LogNetVersion: githargyro 1.0.0, NetCL: 13144385, EngineNetVer: 14, GameNetVer: 0 (Checksum: 2863783110)
[2021.10.13-23.15.27:969][  0]LogAISub: UAISubsystem::UAISubsystem AISubsystem (000001D1365B98C0), frame # 0
[2021.10.13-23.15.27:969][  0]LogAISub: UAISubsystem::UAISubsystem AIPerceptionSystem (000001D1365047C0), frame # 0
[2021.10.13-23.15.27:970][  0]LogAISub: UAISubsystem::UAISubsystem EnvQueryManager (000001D1364CFC00), frame # 0
[2021.10.13-23.15.28:050][  0]LogCollectionManager: Loaded 0 collections in 0.000768 seconds
[2021.10.13-23.15.28:051][  0]LogFileCache: Scanning file cache for directory 'D:/Projects/DMG Fall 2021/Unreal Projects/Third Person Demo/git/arts2961-Unreal/githargyro/Saved/Collections/' took 0.00s
[2021.10.13-23.15.28:051][  0]LogFileCache: Scanning file cache for directory 'D:/Projects/DMG Fall 2021/Unreal Projects/Third Person Demo/git/arts2961-Unreal/githargyro/Content/Developers/rob/Collections/' took 0.00s
[2021.10.13-23.15.28:051][  0]LogFileCache: Scanning file cache for directory 'D:/Projects/DMG Fall 2021/Unreal Projects/Third Person Demo/git/arts2961-Unreal/githargyro/Content/Collections/' took 0.00s
[2021.10.13-23.15.28:051][  0]LogCollectionManager: Fixed up redirectors for 0 collections in 0.000004 seconds (updated 0 objects)
[2021.10.13-23.15.28:098][  0]LogMoviePlayer: Initializing movie player
[2021.10.13-23.15.28:250][  0]LogTcpMessaging: Initializing TcpMessaging bridge
[2021.10.13-23.15.28:253][  0]LogUdpMessaging: Initializing bridge on interface 0.0.0.0:0 to multicast group 230.0.0.1:6666.
[2021.10.13-23.15.28:288][  0]SourceControl: Source control is disabled
[2021.10.13-23.15.28:288][  0]SourceControl: Source control is disabled
[2021.10.13-23.15.28:294][  0]SourceControl: Source control is disabled
[2021.10.13-23.15.28:396][  0]LogAndroidPermission: UAndroidPermissionCallbackProxy::GetInstance
[2021.10.13-23.15.28:410][  0]LogAudioCaptureCore: Display: No Audio Capture implementations found. Audio input will be silent.
[2021.10.13-23.15.28:410][  0]LogAudioCaptureCore: Display: No Audio Capture implementations found. Audio input will be silent.
[2021.10.13-23.15.28:475][  0]LogOcInput: OculusInput pre-init called
[2021.10.13-23.15.28:488][  0]LogUObjectArray: 19102 objects as part of root set at end of initial load.
[2021.10.13-23.15.28:488][  0]LogUObjectAllocator: 5025392 out of 0 bytes used by permanent object pool.
[2021.10.13-23.15.28:488][  0]LogUObjectArray: CloseDisregardForGC: 0/0 objects in disregard for GC pool
[2021.10.13-23.15.28:526][  0]LogEngine: Initializing Engine...
[2021.10.13-23.15.28:527][  0]LogHMD: Failed to initialize OpenVR with code 110
[2021.10.13-23.15.28:527][  0]LogMagicLeap: Warning: VR disabled because ZI is not enabled.  To enable, in the editor, Edit -> Project Settings -> Plugins -> Magic Leap Plugin -> Enable Zero Iteration
[2021.10.13-23.15.28:528][  0]LogStats: UGameplayTagsManager::InitializeManager -  0.000 s
[2021.10.13-23.15.28:625][  0]LogInit: Initializing FReadOnlyCVARCache
[2021.10.13-23.15.28:629][  0]LogAudioMixer: Display: Audio Mixer Platform Settings:
[2021.10.13-23.15.28:629][  0]LogAudioMixer: Display: 	Sample Rate:						  48000
[2021.10.13-23.15.28:629][  0]LogAudioMixer: Display: 	Callback Buffer Frame Size Requested: 1024
[2021.10.13-23.15.28:629][  0]LogAudioMixer: Display: 	Callback Buffer Frame Size To Use:	  1024
[2021.10.13-23.15.28:629][  0]LogAudioMixer: Display: 	Number of buffers to queue:			  2
[2021.10.13-23.15.28:629][  0]LogAudioMixer: Display: 	Max Channels (voices):				  32
[2021.10.13-23.15.28:629][  0]LogAudioMixer: Display: 	Number of Async Source Workers:		  0
[2021.10.13-23.15.28:629][  0]LogAudio: Display: AudioDevice MaxSources: 32
[2021.10.13-23.15.28:630][  0]LogAudio: Display: Using built-in audio occlusion.
[2021.10.13-23.15.28:630][  0]LogAudioMixer: Display: Initializing audio mixer.
[2021.10.13-23.15.28:707][  0]LogAudioMixer: Display: 0: FrontLeft
[2021.10.13-23.15.28:707][  0]LogAudioMixer: Display: 1: FrontRight
[2021.10.13-23.15.28:929][  0]LogAudioMixer: Display: Using Audio Device Speakers (Realtek(R) Audio)
[2021.10.13-23.15.28:934][  0]LogAudioMixer: Display: Initializing Sound Submixes...
[2021.10.13-23.15.28:935][  0]LogAudioMixer: Display: Creating Master Submix 'MasterSubmixDefault'
[2021.10.13-23.15.28:935][  0]LogAudioMixer: Display: Creating Master Submix 'MasterReverbSubmixDefault'
[2021.10.13-23.15.28:936][  0]LogAudioMixer: Display: Creating Master Submix 'MasterEQSubmixDefault'
[2021.10.13-23.15.28:937][  0]LogInit: FAudioDevice initialized.
[2021.10.13-23.15.28:939][  0]LogNetVersion: Set ProjectVersion to 1.0.0.0. Version Checksum will be recalculated on next use.
[2021.10.13-23.15.28:939][  0]LogInit: Texture streaming: Enabled
[2021.10.13-23.15.28:996][  0]LogSlate: Updating window title bar state: overlay mode, drag disabled, window buttons hidden, title bar hidden
[2021.10.13-23.15.28:997][  0]LogInit: Display: Game Engine Initialized.
[2021.10.13-23.15.28:998][  0]LogNiagaraEditor: Warning: GEditor isn't valid! Particle reset commands will not work for Niagara components!
[2021.10.13-23.15.29:021][  0]LogInit: Display: Starting Game.
[2021.10.13-23.15.29:021][  0]LogNet: Browse: /Game/StarterContent/Maps/Minimal_Default?Name=Player
[2021.10.13-23.15.29:021][  0]LogLoad: LoadMap: /Game/StarterContent/Maps/Minimal_Default?Name=Player
[2021.10.13-23.15.29:021][  0]LogWorld: BeginTearingDown for /Temp/Untitled_0
[2021.10.13-23.15.29:024][  0]LogWorld: UWorld::CleanupWorld for Untitled, bSessionEnded=true, bCleanupResources=true
[2021.10.13-23.15.29:024][  0]LogSlate: InvalidateAllWidgets triggered.  All widgets were invalidated
[2021.10.13-23.15.29:036][  0]LogUObjectHash: Compacting FUObjectHashTables data took   0.60ms
[2021.10.13-23.15.29:105][  0]LogAIModule: Creating AISystem for world Minimal_Default
[2021.10.13-23.15.29:105][  0]LogAISub: UAISubsystem::UAISubsystem EnvQueryManager (000001D129F2FC00), frame # 0
[2021.10.13-23.15.29:105][  0]LogAISub: UAISubsystem::UAISubsystem AIPerceptionSystem (000001D12A017100), frame # 0
[2021.10.13-23.15.29:105][  0]LogLoad: Game class is 'GameModeBase'
[2021.10.13-23.15.29:120][  0]LogWorld: Bringing World /Game/StarterContent/Maps/Minimal_Default.Minimal_Default up for play (max tick rate 0) at 2021.10.13-19.15.29
[2021.10.13-23.15.29:120][  0]LogWorld: Bringing up level for play took: 0.014421
[2021.10.13-23.15.29:121][  0]LogGameMode: FindPlayerStart: PATHS NOT DEFINED or NO PLAYERSTART with positive rating
[2021.10.13-23.15.29:125][  0]LogBlueprintUserMessages: [MidiControl_5] ID: 1, DEVICE NAME: Jamstik, IN USE: false, DEFAULT DEVICE: true
[2021.10.13-23.15.29:127][  0]LogBlueprintUserMessages: [MidiControl_5] ID: 2, DEVICE NAME: MIDIIN2 (Jamstik), IN USE: false, DEFAULT DEVICE: false
[2021.10.13-23.15.29:128][  0]LogMIDIDevice: Error: Warning while creating a MIDI device controller:  PortMidi reports that device ID 1 (Jamstik) is already in use.
[2021.10.13-23.15.29:128][  0]LogMIDIDevice: Error: Create MIDI Device Controller wasn't able to create the controller successfully.  Returning a null reference.
[2021.10.13-23.15.29:129][  0]LogLoad: Took 0.107901 seconds to LoadMap(/Game/StarterContent/Maps/Minimal_Default)
[2021.10.13-23.15.29:142][  0]LogSlate: Took 0.000236 seconds to synchronously load lazily loaded font '../../../Engine/Content/Slate/Fonts/Roboto-Regular.ttf' (155K)
[2021.10.13-23.15.29:159][  0]LogRenderer: Reallocating scene render targets to support 1280x720 Format 10 NumSamples 1 (Frame:1).
[2021.10.13-23.15.29:159][  0]LogLoad: (Engine Initialization) Total time: 6.22 seconds
[2021.10.13-23.15.29:159][  0]LogLoad: (Engine Initialization) Total Blueprint compile time: 0.00 seconds
[2021.10.13-23.15.29:178][  0]LogContentStreaming: Texture pool size now 1000 MB
[2021.10.13-23.15.29:182][  0]LogSlate: InvalidateAllWidgets triggered.  All widgets were invalidated
[2021.10.13-23.15.29:223][  1]LogSlate: Took 0.000147 seconds to synchronously load lazily loaded font '../../../Engine/Content/Slate/Fonts/Roboto-Regular.ttf' (155K)
[2021.10.13-23.15.36:416][940]LogBlueprintUserMessages: [fretboard_2] Pitch: 64, Channel: 2, Velocity: 36
[2021.10.13-23.15.36:426][944]LogBlueprintUserMessages: [MidiControl_5] Pitch Bend Channel: 2, Pitch: 8082
[2021.10.13-23.15.36:479][965]LogBlueprintUserMessages: [MidiControl_5] Pitch Bend Channel: 2, Pitch: 8080
[2021.10.13-23.15.36:530][985]LogBlueprintUserMessages: [MidiControl_5] Pitch Bend Channel: 2, Pitch: 8073
[2021.10.13-23.15.36:580][  3]LogBlueprintUserMessages: [MidiControl_5] Pitch Bend Channel: 2, Pitch: 8071
[2021.10.13-23.15.36:590][  6]LogBlueprintUserMessages: [fretboard_2] Pitch: 59, Channel: 3, Velocity: 22
[2021.10.13-23.15.36:602][ 10]LogBlueprintUserMessages: [MidiControl_5] Pitch Bend Channel: 3, Pitch: 8143
[2021.10.13-23.15.36:632][ 21]LogBlueprintUserMessages: [MidiControl_5] Pitch Bend Channel: 2, Pitch: 8066
[2021.10.13-23.15.36:653][ 28]LogBlueprintUserMessages: [MidiControl_5] Pitch Bend Channel: 3, Pitch: 8129
[2021.10.13-23.15.36:686][ 39]LogBlueprintUserMessages: [MidiControl_5] Pitch Bend Channel: 2, Pitch: 8066
[2021.10.13-23.15.36:704][ 45]LogBlueprintUserMessages: [MidiControl_5] Pitch Bend Channel: 3, Pitch: 8128
[2021.10.13-23.15.36:735][ 56]LogBlueprintUserMessages: [MidiControl_5] Pitch Bend Channel: 2, Pitch: 8064
[2021.10.13-23.15.36:758][ 64]LogBlueprintUserMessages: [MidiControl_5] Pitch Bend Channel: 3, Pitch: 8127
[2021.10.13-23.15.36:788][ 75]LogBlueprintUserMessages: [MidiControl_5] Pitch Bend Channel: 2, Pitch: 8065
[2021.10.13-23.15.36:809][ 83]LogBlueprintUserMessages: [MidiControl_5] Pitch Bend Channel: 3, Pitch: 8124
[2021.10.13-23.15.36:838][ 94]LogBlueprintUserMessages: [MidiControl_5] Pitch Bend Channel: 2, Pitch: 8064
[2021.10.13-23.15.36:858][101]LogBlueprintUserMessages: [MidiControl_5] Pitch Bend Channel: 3, Pitch: 8120
[2021.10.13-23.15.36:889][112]LogBlueprintUserMessages: [MidiControl_5] Pitch Bend Channel: 2, Pitch: 8060
[2021.10.13-23.15.36:896][115]LogBlueprintUserMessages: [fretboard_2] Pitch: 40, Channel: 7, Velocity: 5
[2021.10.13-23.15.36:911][120]LogBlueprintUserMessages: [MidiControl_5] Pitch Bend Channel: 7, Pitch: 7230
[2021.10.13-23.15.36:911][120]LogBlueprintUserMessages: [MidiControl_5] Pitch Bend Channel: 3, Pitch: 8110
[2021.10.13-23.15.36:941][129]LogBlueprintUserMessages: [MidiControl_5] Pitch Bend Channel: 2, Pitch: 8060
[2021.10.13-23.15.36:962][137]LogBlueprintUserMessages: [MidiControl_5] Pitch Bend Channel: 7, Pitch: 7255
[2021.10.13-23.15.36:962][137]LogBlueprintUserMessages: [MidiControl_5] Pitch Bend Channel: 3, Pitch: 8118
[2021.10.13-23.15.36:991][147]LogBlueprintUserMessages: [MidiControl_5] Pitch Bend Channel: 2, Pitch: 8059
[2021.10.13-23.15.37:012][154]LogBlueprintUserMessages: [MidiControl_5] Pitch Bend Channel: 7, Pitch: 7272
[2021.10.13-23.15.37:012][154]LogBlueprintUserMessages: [MidiControl_5] Pitch Bend Channel: 3, Pitch: 8116
[2021.10.13-23.15.37:045][166]LogBlueprintUserMessages: [MidiControl_5] Pitch Bend Channel: 2, Pitch: 8055
[2021.10.13-23.15.37:065][173]LogBlueprintUserMessages: [MidiControl_5] Pitch Bend Channel: 3, Pitch: 8113
[2021.10.13-23.15.37:093][183]LogBlueprintUserMessages: [MidiControl_5] Pitch Bend Channel: 2, Pitch: 8057
[2021.10.13-23.15.37:116][191]LogBlueprintUserMessages: [MidiControl_5] Pitch Bend Channel: 3, Pitch: 8109
[2021.10.13-23.15.37:144][200]LogBlueprintUserMessages: [MidiControl_5] Pitch Bend Channel: 2, Pitch: 8061
[2021.10.13-23.15.37:166][207]LogBlueprintUserMessages: [MidiControl_5] Pitch Bend Channel: 3, Pitch: 8111
[2021.10.13-23.15.37:198][217]LogBlueprintUserMessages: [MidiControl_5] Pitch Bend Channel: 2, Pitch: 8059
[2021.10.13-23.15.37:219][224]LogBlueprintUserMessages: [MidiControl_5] Pitch Bend Channel: 3, Pitch: 8107
[2021.10.13-23.15.37:248][234]LogBlueprintUserMessages: [MidiControl_5] Pitch Bend Channel: 2, Pitch: 8060
[2021.10.13-23.15.37:269][240]LogBlueprintUserMessages: [MidiControl_5] Pitch Bend Channel: 3, Pitch: 8106
[2021.10.13-23.15.37:300][251]LogBlueprintUserMessages: [MidiControl_5] Pitch Bend Channel: 2, Pitch: 8060
[2021.10.13-23.15.37:320][258]LogBlueprintUserMessages: [MidiControl_5] Pitch Bend Channel: 3, Pitch: 8106
[2021.10.13-23.15.37:352][269]LogBlueprintUserMessages: [MidiControl_5] Pitch Bend Channel: 2, Pitch: 8059
[2021.10.13-23.15.37:373][276]LogBlueprintUserMessages: [MidiControl_5] Pitch Bend Channel: 3, Pitch: 8106
[2021.10.13-23.15.37:403][286]LogBlueprintUserMessages: [MidiControl_5] Pitch Bend Channel: 2, Pitch: 8062
[2021.10.13-23.15.37:422][293]LogBlueprintUserMessages: [MidiControl_5] Pitch Bend Channel: 3, Pitch: 8105
[2021.10.13-23.15.37:454][304]LogBlueprintUserMessages: [MidiControl_5] Pitch Bend Channel: 2, Pitch: 8061
[2021.10.13-23.15.37:476][311]LogBlueprintUserMessages: [MidiControl_5] Pitch Bend Channel: 3, Pitch: 8109
[2021.10.13-23.15.37:496][318]LogBlueprintUserMessages: [MidiControl_5] Pitch Bend Channel: 7, Pitch: 8192
[2021.10.13-23.15.37:505][321]LogBlueprintUserMessages: [MidiControl_5] Pitch Bend Channel: 2, Pitch: 8061
[2021.10.13-23.15.37:517][325]LogBlueprintUserMessages: [fretboard_2] Pitch: 40, Channel: 7, Velocity: 1
[2021.10.13-23.15.37:526][328]LogBlueprintUserMessages: [MidiControl_5] Pitch Bend Channel: 3, Pitch: 8109
[2021.10.13-23.15.37:557][339]LogBlueprintUserMessages: [MidiControl_5] Pitch Bend Channel: 2, Pitch: 8069
[2021.10.13-23.15.37:579][346]LogBlueprintUserMessages: [MidiControl_5] Pitch Bend Channel: 3, Pitch: 8110
[2021.10.13-23.15.37:608][355]LogBlueprintUserMessages: [MidiControl_5] Pitch Bend Channel: 2, Pitch: 8064
[2021.10.13-23.15.37:629][362]LogBlueprintUserMessages: [MidiControl_5] Pitch Bend Channel: 3, Pitch: 8110
[2021.10.13-23.15.37:659][373]LogBlueprintUserMessages: [MidiControl_5] Pitch Bend Channel: 2, Pitch: 8063
[2021.10.13-23.15.37:678][379]LogBlueprintUserMessages: [MidiControl_5] Pitch Bend Channel: 3, Pitch: 8112
[2021.10.13-23.15.37:711][390]LogBlueprintUserMessages: [MidiControl_5] Pitch Bend Channel: 2, Pitch: 8062
[2021.10.13-23.15.37:731][397]LogBlueprintUserMessages: [MidiControl_5] Pitch Bend Channel: 3, Pitch: 8105
[2021.10.13-23.15.37:761][408]LogBlueprintUserMessages: [MidiControl_5] Pitch Bend Channel: 2, Pitch: 8060
[2021.10.13-23.15.37:781][415]LogBlueprintUserMessages: [MidiControl_5] Pitch Bend Channel: 3, Pitch: 8101
[2021.10.13-23.15.37:814][426]LogBlueprintUserMessages: [MidiControl_5] Pitch Bend Channel: 2, Pitch: 8066
[2021.10.13-23.15.37:833][432]LogBlueprintUserMessages: [MidiControl_5] Pitch Bend Channel: 3, Pitch: 8106
[2021.10.13-23.15.37:865][441]LogBlueprintUserMessages: [MidiControl_5] Pitch Bend Channel: 2, Pitch: 8059
[2021.10.13-23.15.38:579][686]LogBlueprintUserMessages: [MidiControl_5] Pitch Bend Channel: 6, Pitch: 8660
[2021.10.13-23.15.38:591][690]LogBlueprintUserMessages: [fretboard_2] Pitch: 45, Channel: 6, Velocity: 106
[2021.10.13-23.15.38:631][703]LogBlueprintUserMessages: [MidiControl_5] Pitch Bend Channel: 6, Pitch: 7949
[2021.10.13-23.15.38:680][720]LogBlueprintUserMessages: [MidiControl_5] Pitch Bend Channel: 6, Pitch: 8028
[2021.10.13-23.15.38:718][733]LogBlueprintUserMessages: [MidiControl_5] Pitch Bend Channel: 6, Pitch: 8081
[2021.10.13-23.15.38:770][751]LogBlueprintUserMessages: [MidiControl_5] Pitch Bend Channel: 6, Pitch: 8066
[2021.10.13-23.15.38:812][766]LogBlueprintUserMessages: [MidiControl_5] Pitch Bend Channel: 2, Pitch: 7987
[2021.10.13-23.15.38:822][769]LogBlueprintUserMessages: [MidiControl_5] Pitch Bend Channel: 6, Pitch: 8036
[2021.10.13-23.15.38:825][770]LogBlueprintUserMessages: [MidiControl_5] Pitch Bend Channel: 2, Pitch: 8115
[2021.10.13-23.15.38:835][774]LogBlueprintUserMessages: [MidiControl_5] Pitch Bend Channel: 6, Pitch: 7908
[2021.10.13-23.15.38:838][775]LogBlueprintUserMessages: [MidiControl_5] Pitch Bend Channel: 2, Pitch: 7799
[2021.10.13-23.15.38:846][778]LogBlueprintUserMessages: [MidiControl_5] Pitch Bend Channel: 6, Pitch: 7845
[2021.10.13-23.15.38:852][780]LogBlueprintUserMessages: [MidiControl_5] Pitch Bend Channel: 2, Pitch: 8042
[2021.10.13-23.15.38:880][790]LogBlueprintUserMessages: [MidiControl_5] Pitch Bend Channel: 6, Pitch: 8192
[2021.10.13-23.15.38:902][797]LogBlueprintUserMessages: [MidiControl_5] Pitch Bend Channel: 2, Pitch: 8061
[2021.10.13-23.15.38:955][815]LogBlueprintUserMessages: [MidiControl_5] Pitch Bend Channel: 2, Pitch: 8041
[2021.10.13-23.15.39:688][ 70]LogBlueprintUserMessages: [MidiControl_5] Pitch Bend Channel: 3, Pitch: 8192
[2021.10.13-23.15.41:185][658]LogBlueprintUserMessages: [MidiControl_5] Pitch Bend Channel: 2, Pitch: 8192
[2021.10.13-23.15.48:540][554]Closing by request
[2021.10.13-23.15.48:540][554]LogWindows: FPlatformMisc::RequestExit(0)
[2021.10.13-23.15.48:540][554]LogCore: Engine exit requested (reason: Win RequestExit)
[2021.10.13-23.15.48:543][555]LogCore: Engine exit requested (reason: EngineExit() was called; note: exit was already requested)
[2021.10.13-23.15.48:545][555]LogAudio: Display: Shutting down audio device while 2 references to it are still alive. For more information, compile with INSTRUMENT_AUDIODEVICE_HANDLES.
[2021.10.13-23.15.48:589][555]LogInit: Display: PreExit Game.
[2021.10.13-23.15.48:590][555]LogWorld: BeginTearingDown for /Game/StarterContent/Maps/Minimal_Default
[2021.10.13-23.15.48:590][555]LogWorld: UWorld::CleanupWorld for Minimal_Default, bSessionEnded=true, bCleanupResources=true
[2021.10.13-23.15.48:591][555]LogSlate: InvalidateAllWidgets triggered.  All widgets were invalidated
[2021.10.13-23.15.49:546][555]LogSlate: Window 'githargyro (64-bit Development PCD3D_SM5) ' being destroyed
[2021.10.13-23.15.49:547][555]LogWindowsTextInputMethodSystem: Display: IME system now deactivated.
[2021.10.13-23.15.49:553][555]LogWindowsTextInputMethodSystem: Display: IME system now deactivated.
[2021.10.13-23.15.49:564][555]LogExit: Preparing to exit.
[2021.10.13-23.15.50:267][555]LogMoviePlayer: Shutting down movie player
[2021.10.13-23.15.50:400][555]LogSlate: Updating window title bar state: overlay mode, drag disabled, window buttons hidden, title bar hidden
[2021.10.13-23.15.50:403][555]LogDemo: Cleaned up 0 splitscreen connections with owner deletion
[2021.10.13-23.15.50:407][555]LogExit: Game engine shut down
[2021.10.13-23.15.50:434][555]LogAISub: UAISubsystem::~UAISubsystem AISubsystem (000001D1365B98C0), frame # 7555
[2021.10.13-23.15.50:434][555]LogAISub: UAISubsystem::~UAISubsystem AIPerceptionSystem (000001D1365047C0), frame # 7555
[2021.10.13-23.15.50:434][555]LogAISub: UAISubsystem::~UAISubsystem EnvQueryManager (000001D1364CFC00), frame # 7555
[2021.10.13-23.15.50:444][555]LogAISub: UAISubsystem::~UAISubsystem EnvQueryManager (000001D129F2FC00), frame # 7555
[2021.10.13-23.15.50:444][555]LogAISub: UAISubsystem::~UAISubsystem AIPerceptionSystem (000001D12A017100), frame # 7555
[2021.10.13-23.15.50:472][555]LogExit: Object subsystem successfully closed.
[2021.10.13-23.15.50:496][555]LogShaderCompilers: Display: Shaders left to compile 0
[2021.10.13-23.15.50:511][555]LogModuleManager: Shutting down and abandoning module SequenceRecorderSections (504)
[2021.10.13-23.15.50:511][555]LogModuleManager: Shutting down and abandoning module SequenceRecorder (502)
[2021.10.13-23.15.50:511][555]LogModuleManager: Shutting down and abandoning module AutomationController (500)
[2021.10.13-23.15.50:511][555]LogModuleManager: Shutting down and abandoning module AutomationWorker (498)
[2021.10.13-23.15.50:511][555]LogModuleManager: Shutting down and abandoning module Voice (496)
[2021.10.13-23.15.50:511][555]LogModuleManager: Shutting down and abandoning module AIModule (494)
[2021.10.13-23.15.50:511][555]LogModuleManager: Shutting down and abandoning module GameplayDebugger (493)
[2021.10.13-23.15.50:511][555]LogModuleManager: Shutting down and abandoning module AITestSuite (491)
[2021.10.13-23.15.50:511][555]LogModuleManager: Shutting down and abandoning module NavigationSystem (489)
[2021.10.13-23.15.50:511][555]LogModuleManager: Shutting down and abandoning module OculusMR (486)
[2021.10.13-23.15.50:511][555]LogModuleManager: Shutting down and abandoning module WmfMediaFactory (484)
[2021.10.13-23.15.50:511][555]LogModuleManager: Shutting down and abandoning module WebMMediaFactory (482)
[2021.10.13-23.15.50:511][555]LogModuleManager: Shutting down and abandoning module WebMMedia (480)
[2021.10.13-23.15.50:511][555]LogModuleManager: Shutting down and abandoning module OpenExrWrapper (478)
[2021.10.13-23.15.50:511][555]LogModuleManager: Shutting down and abandoning module ImgMediaFactory (476)
[2021.10.13-23.15.50:511][555]LogModuleManager: Shutting down and abandoning module AvfMediaFactory (474)
[2021.10.13-23.15.50:511][555]LogModuleManager: Shutting down and abandoning module MagicLeapMediaCodecFactory (472)
[2021.10.13-23.15.50:511][555]LogModuleManager: Shutting down and abandoning module MagicLeapMediaFactory (470)
[2021.10.13-23.15.50:511][555]LogModuleManager: Shutting down and abandoning module PlanarCut (468)
[2021.10.13-23.15.50:511][555]LogModuleManager: Shutting down and abandoning module CharacterAI (466)
[2021.10.13-23.15.50:511][555]LogModuleManager: Shutting down and abandoning module SessionServices (464)
[2021.10.13-23.15.50:511][555]LogModuleManager: Shutting down and abandoning module MovieSceneCapture (462)
[2021.10.13-23.15.50:511][555]LogModuleManager: Shutting down and abandoning module LiveCoding (460)
[2021.10.13-23.15.50:512][555]LogModuleManager: Shutting down and abandoning module LevelSequence (458)
[2021.10.13-23.15.50:512][555]LogModuleManager: Shutting down and abandoning module MovieSceneTracks (456)
[2021.10.13-23.15.50:512][555]LogModuleManager: Shutting down and abandoning module MovieScene (454)
[2021.10.13-23.15.50:512][555]LogModuleManager: Shutting down and abandoning module StreamingPauseRendering (452)
[2021.10.13-23.15.50:512][555]LogModuleManager: Shutting down and abandoning module PortalServices (450)
[2021.10.13-23.15.50:512][555]LogModuleManager: Shutting down and abandoning module PortalRpc (448)
[2021.10.13-23.15.50:512][555]LogModuleManager: Shutting down and abandoning module MessagingRpc (446)
[2021.10.13-23.15.50:512][555]LogModuleManager: Shutting down and abandoning module AudioMixerXAudio2 (444)
[2021.10.13-23.15.50:512][555]LogModuleManager: Shutting down and abandoning module AudioMixerCore (443)
[2021.10.13-23.15.50:512][555]LogModuleManager: Shutting down and abandoning module ProfilerService (440)
[2021.10.13-23.15.50:532][555]LogModuleManager: Shutting down and abandoning module TaskGraph (438)
[2021.10.13-23.15.50:532][555]LogModuleManager: Shutting down and abandoning module Synthesis (436)
[2021.10.13-23.15.50:533][555]LogModuleManager: Shutting down and abandoning module ProceduralMeshComponent (434)
[2021.10.13-23.15.50:533][555]LogModuleManager: Shutting down and abandoning module OculusInput (432)
[2021.10.13-23.15.50:533][555]LogModuleManager: Shutting down and abandoning module MobilePatchingUtils (430)
[2021.10.13-23.15.50:533][555]LogModuleManager: Shutting down and abandoning module MIDIDevice (428)
[2021.10.13-23.15.50:533][555]LogModuleManager: Shutting down and abandoning module GooglePAD (426)
[2021.10.13-23.15.50:533][555]LogModuleManager: Shutting down and abandoning module EditableMesh (424)
[2021.10.13-23.15.50:533][555]LogModuleManager: Shutting down and abandoning module CustomMeshComponent (422)
[2021.10.13-23.15.50:533][555]LogModuleManager: Shutting down and abandoning module CableComponent (420)
[2021.10.13-23.15.50:533][555]LogModuleManager: Shutting down and abandoning module AudioCapture (418)
[2021.10.13-23.15.50:533][555]LogModuleManager: Shutting down and abandoning module AudioCaptureRtAudio (417)
[2021.10.13-23.15.50:534][555]LogModuleManager: Shutting down and abandoning module AssetTags (414)
[2021.10.13-23.15.50:534][555]LogModuleManager: Shutting down and abandoning module ArchVisCharacter (412)
[2021.10.13-23.15.50:534][555]LogModuleManager: Shutting down and abandoning module AppleImageUtilsBlueprintSupport (410)
[2021.10.13-23.15.50:534][555]LogModuleManager: Shutting down and abandoning module AppleImageUtils (408)
[2021.10.13-23.15.50:534][555]LogModuleManager: Shutting down and abandoning module AndroidPermission (406)
[2021.10.13-23.15.50:534][555]LogModuleManager: Shutting down and abandoning module NUTUnrealEngine4 (404)
[2021.10.13-23.15.50:534][555]LogModuleManager: Shutting down and abandoning module NetcodeUnitTest (402)
[2021.10.13-23.15.50:534][555]LogModuleManager: Shutting down and abandoning module TemplateSequence (400)
[2021.10.13-23.15.50:534][555]LogModuleManager: Shutting down and abandoning module MovieRenderPipelineRenderPasses (398)
[2021.10.13-23.15.50:534][555]LogModuleManager: Shutting down and abandoning module MovieRenderPipelineSettings (396)
[2021.10.13-23.15.50:534][555]LogModuleManager: Shutting down and abandoning module MovieRenderPipelineCore (394)
[2021.10.13-23.15.50:534][555]LogModuleManager: Shutting down and abandoning module ImageWriteQueue (393)
[2021.10.13-23.15.50:537][555]LogModuleManager: Shutting down and abandoning module MediaCompositing (390)
[2021.10.13-23.15.50:537][555]LogModuleManager: Shutting down and abandoning module ImgMedia (388)
[2021.10.13-23.15.50:537][555]LogModuleManager: Shutting down and abandoning module MagicLeapSharedWorld (386)
[2021.10.13-23.15.50:537][555]LogModuleManager: Shutting down and abandoning module MagicLeapLightEstimation (384)
[2021.10.13-23.15.50:537][555]LogModuleManager: Shutting down and abandoning module MagicLeapHelperVulkan (382)
[2021.10.13-23.15.50:537][555]LogModuleManager: Shutting down and abandoning module MagicLeapHelperOpenGL (380)
[2021.10.13-23.15.50:537][555]LogModuleManager: Shutting down and abandoning module MagicLeapAudio (378)
[2021.10.13-23.15.50:538][555]LogModuleManager: Shutting down and abandoning module MeshSolverUtilities (376)
[2021.10.13-23.15.50:538][555]LogModuleManager: Shutting down and abandoning module MeshConversion (374)
[2021.10.13-23.15.50:538][555]LogModuleManager: Shutting down and abandoning module DynamicMesh (372)
[2021.10.13-23.15.50:539][555]LogModuleManager: Shutting down and abandoning module GeometryAlgorithms (370)
[2021.10.13-23.15.50:539][555]LogModuleManager: Shutting down and abandoning module GeometricObjects (368)
[2021.10.13-23.15.50:539][555]LogModuleManager: Shutting down and abandoning module GeometryCollectionTracks (366)
[2021.10.13-23.15.50:539][555]LogModuleManager: Shutting down and abandoning module GeometryCollectionSequencer (365)
[2021.10.13-23.15.50:539][555]LogModuleManager: Shutting down and abandoning module GeometryCacheTracks (362)
[2021.10.13-23.15.50:540][555]LogModuleManager: Shutting down and abandoning module GeometryCacheSequencer (361)
[2021.10.13-23.15.50:540][555]LogModuleManager: Shutting down and abandoning module GeometryCache (358)
[2021.10.13-23.15.50:540][555]LogModuleManager: Shutting down and abandoning module GeometryCacheEd (357)
[2021.10.13-23.15.50:540][555]LogModuleManager: Shutting down and abandoning module ChaosNiagara (354)
[2021.10.13-23.15.50:540][555]LogModuleManager: Shutting down and abandoning module ChaosCloth (352)
[2021.10.13-23.15.50:540][555]LogModuleManager: Shutting down and abandoning module BackChannel (350)
[2021.10.13-23.15.50:540][555]LogModuleManager: Shutting down and abandoning module AutomationUtils (348)
[2021.10.13-23.15.50:540][555]LogModuleManager: Shutting down and abandoning module VisualStudioSourceCodeAccess (346)
[2021.10.13-23.15.50:540][555]LogModuleManager: Shutting down and abandoning module HotReload (345)
[2021.10.13-23.15.50:540][555]LogModuleManager: Shutting down and abandoning module VisualStudioCodeSourceCodeAccess (342)
[2021.10.13-23.15.50:540][555]LogModuleManager: Shutting down and abandoning module UObjectPlugin (340)
[2021.10.13-23.15.50:540][555]LogModuleManager: Shutting down and abandoning module SubversionSourceControl (338)
[2021.10.13-23.15.50:540][555]LogModuleManager: Shutting down and abandoning module RiderSourceCodeAccess (336)
[2021.10.13-23.15.50:540][555]LogModuleManager: Shutting down and abandoning module PerforceSourceControl (334)
[2021.10.13-23.15.50:540][555]LogModuleManager: Shutting down and abandoning module SourceControl (333)
[2021.10.13-23.15.50:540][555]LogModuleManager: Shutting down and abandoning module CLionSourceCodeAccess (330)
[2021.10.13-23.15.50:540][555]LogModuleManager: Shutting down and abandoning module ActorLayerUtilities (328)
[2021.10.13-23.15.50:540][555]LogModuleManager: Shutting down and abandoning module SoundFields (326)
[2021.10.13-23.15.50:540][555]LogModuleManager: Shutting down and abandoning module SignificanceManager (324)
[2021.10.13-23.15.50:540][555]LogModuleManager: Shutting down and abandoning module RuntimePhysXCooking (322)
[2021.10.13-23.15.50:540][555]LogModuleManager: Shutting down and abandoning module PhysXVehiclesEditor (320)
[2021.10.13-23.15.50:540][555]LogModuleManager: Shutting down and abandoning module LocationServicesBPLibrary (316)
[2021.10.13-23.15.50:540][555]LogModuleManager: Shutting down and abandoning module ActorSequence (314)
[2021.10.13-23.15.50:540][555]LogModuleManager: Shutting down and abandoning module UdpMessaging (312)
[2021.10.13-23.15.50:642][555]LogModuleManager: Shutting down and abandoning module TcpMessaging (310)
[2021.10.13-23.15.51:264][555]LogModuleManager: Shutting down and abandoning module MagicLeapARPin (308)
[2021.10.13-23.15.51:264][555]LogModuleManager: Shutting down and abandoning module MagicLeapHandMeshing (306)
[2021.10.13-23.15.51:264][555]LogModuleManager: Shutting down and abandoning module MagicLeapSecureStorage (304)
[2021.10.13-23.15.51:264][555]LogModuleManager: Shutting down and abandoning module MagicLeapPrivileges (302)
[2021.10.13-23.15.51:264][555]LogModuleManager: Shutting down and abandoning module MagicLeapPlanes (300)
[2021.10.13-23.15.51:264][555]LogMagicLeapPlanes: Planes tracker already destroyed.
[2021.10.13-23.15.51:264][555]LogModuleManager: Shutting down and abandoning module MagicLeapImageTracker (298)
[2021.10.13-23.15.51:264][555]LogModuleManager: Shutting down and abandoning module MagicLeapIdentity (296)
[2021.10.13-23.15.51:264][555]LogModuleManager: Shutting down and abandoning module MagicLeapHandTracking (294)
[2021.10.13-23.15.51:264][555]LogModuleManager: Shutting down and abandoning module MagicLeapEyeTracker (292)
[2021.10.13-23.15.51:264][555]LogModuleManager: Shutting down and abandoning module MagicLeapController (290)
[2021.10.13-23.15.51:264][555]LogSlate: Slate User Destroyed.  User Index 0, Is Virtual User: 0
[2021.10.13-23.15.51:264][555]LogModuleManager: Shutting down and abandoning module MagicLeapARPinImpl (288)
[2021.10.13-23.15.51:264][555]LogModuleManager: Shutting down and abandoning module MagicLeapAR (286)
[2021.10.13-23.15.51:264][555]LogModuleManager: Shutting down and abandoning module AugmentedReality (285)
[2021.10.13-23.15.51:264][555]LogModuleManager: Shutting down and abandoning module NiagaraAnimNotifies (282)
[2021.10.13-23.15.51:264][555]LogModuleManager: Shutting down and abandoning module Niagara (280)
[2021.10.13-23.15.51:264][555]LogModuleManager: Shutting down and abandoning module SignalProcessing (279)
[2021.10.13-23.15.51:264][555]LogModuleManager: Shutting down and abandoning module NiagaraEditor (277)
[2021.10.13-23.15.51:265][555]LogModuleManager: Shutting down and abandoning module NiagaraCore (274)
[2021.10.13-23.15.51:265][555]LogModuleManager: Shutting down and abandoning module GameplayTagsEditor (272)
[2021.10.13-23.15.51:265][555]LogModuleManager: Shutting down and abandoning module FacialAnimation (270)
[2021.10.13-23.15.51:265][555]LogModuleManager: Shutting down and abandoning module AssetManagerEditor (268)
[2021.10.13-23.15.51:266][555]LogModuleManager: Shutting down and abandoning module TreeMap (267)
[2021.10.13-23.15.51:266][555]LogModuleManager: Shutting down and abandoning module AnimationSharing (264)
[2021.10.13-23.15.51:266][555]LogModuleManager: Shutting down and abandoning module LightPropagationVolumeRuntime (262)
[2021.10.13-23.15.51:266][555]LogModuleManager: Shutting down and abandoning module Paper2D (260)
[2021.10.13-23.15.51:266][555]LogModuleManager: Shutting down and abandoning module WindowsMoviePlayer (258)
[2021.10.13-23.15.51:267][555]LogModuleManager: Shutting down and abandoning module WebMMoviePlayer (256)
[2021.10.13-23.15.51:267][555]LogModuleManager: Shutting down and abandoning module NetworkReplayStreaming (254)
[2021.10.13-23.15.51:267][555]LogModuleManager: Shutting down and abandoning module PacketHandler (252)
[2021.10.13-23.15.51:267][555]LogModuleManager: Shutting down and abandoning module ClothingSystemEditor (250)
[2021.10.13-23.15.51:267][555]LogModuleManager: Shutting down and abandoning module ClothingSystemRuntimeNv (248)
[2021.10.13-23.15.51:267][555]LogModuleManager: Shutting down and abandoning module MediaAssets (246)
[2021.10.13-23.15.51:267][555]LogModuleManager: Shutting down and abandoning module Overlay (244)
[2021.10.13-23.15.51:267][555]LogModuleManager: Shutting down and abandoning module OverlayEditor (243)
[2021.10.13-23.15.51:267][555]LogModuleManager: Shutting down and abandoning module VREditor (240)
[2021.10.13-23.15.51:268][555]LogModuleManager: Shutting down and abandoning module StringTableEditor (238)
[2021.10.13-23.15.51:268][555]LogModuleManager: Shutting down and abandoning module GameplayTasksEditor (236)
[2021.10.13-23.15.51:268][555]LogModuleManager: Shutting down and abandoning module BehaviorTreeEditor (234)
[2021.10.13-23.15.51:268][555]LogModuleManager: Shutting down and abandoning module FunctionalTesting (232)
[2021.10.13-23.15.51:268][555]LogModuleManager: Shutting down and abandoning module CollisionAnalyzer (230)
[2021.10.13-23.15.51:268][555]LogModuleManager: Shutting down and abandoning module UMG (228)
[2021.10.13-23.15.51:269][555]LogModuleManager: Shutting down and abandoning module UMGEditor (227)
[2021.10.13-23.15.51:269][555]LogModuleManager: Shutting down and abandoning module Sequencer (226)
[2021.10.13-23.15.51:270][555]LogModuleManager: Shutting down and abandoning module MessageLog (223)
[2021.10.13-23.15.51:270][555]LogModuleManager: Shutting down and abandoning module MaterialEditor (221)
[2021.10.13-23.15.51:270][555]LogModuleManager: Shutting down and abandoning module ContentBrowser (220)
[2021.10.13-23.15.51:270][555]LogModuleManager: Shutting down and abandoning module WorkspaceMenuStructure (219)
[2021.10.13-23.15.51:270][555]LogModuleManager: Shutting down and abandoning module CollectionManager (217)
[2021.10.13-23.15.51:271][555]LogModuleManager: Shutting down and abandoning module DirectoryWatcher (216)
[2021.10.13-23.15.51:271][555]LogModuleManager: Shutting down and abandoning module SlateReflector (208)
[2021.10.13-23.15.51:272][555]LogModuleManager: Shutting down and abandoning module Slate (206)
[2021.10.13-23.15.51:272][555]LogModuleManager: Shutting down and abandoning module SlateCore (204)
[2021.10.13-23.15.51:272][555]LogModuleManager: Shutting down and abandoning module LandscapeEditorUtilities (202)
[2021.10.13-23.15.51:272][555]LogModuleManager: Shutting down and abandoning module EditorStyle (200)
[2021.10.13-23.15.51:272][555]LogModuleManager: Shutting down and abandoning module UnrealEd (198)
[2021.10.13-23.15.51:272][555]LogModuleManager: Shutting down and abandoning module MRMesh (196)
[2021.10.13-23.15.51:272][555]LogModuleManager: Shutting down and abandoning module Messaging (194)
[2021.10.13-23.15.51:272][555]LogModuleManager: Shutting down and abandoning module SourceCodeAccess (192)
[2021.10.13-23.15.51:272][555]LogModuleManager: Shutting down and abandoning module HeadMountedDisplay (190)
[2021.10.13-23.15.51:272][555]LogModuleManager: Shutting down and abandoning module XAudio2 (188)
[2021.10.13-23.15.51:272][555]LogModuleManager: Shutting down and abandoning module Networking (186)
[2021.10.13-23.15.51:272][555]LogModuleManager: Shutting down and abandoning module Core (184)
[2021.10.13-23.15.51:272][555]LogModuleManager: Shutting down and abandoning module MovieSceneTools (182)
[2021.10.13-23.15.51:272][555]LogModuleManager: Shutting down and abandoning module KismetCompiler (180)
[2021.10.13-23.15.51:272][555]LogModuleManager: Shutting down and abandoning module MeshBuilder (178)
[2021.10.13-23.15.51:273][555]LogModuleManager: Shutting down and abandoning module MeshUtilities (176)
[2021.10.13-23.15.51:273][555]LogModuleManager: Shutting down and abandoning module MeshMergeUtilities (175)
[2021.10.13-23.15.51:273][555]LogModuleManager: Shutting down and abandoning module MeshReductionInterface (174)
[2021.10.13-23.15.51:273][555]LogModuleManager: Shutting down and abandoning module MeshBoneReduction (173)
[2021.10.13-23.15.51:273][555]LogModuleManager: Shutting down and abandoning module SkeletalMeshReduction (171)
[2021.10.13-23.15.51:273][555]LogModuleManager: Shutting down and abandoning module ProxyLODMeshReduction (169)
[2021.10.13-23.15.51:274][555]LogModuleManager: Shutting down and abandoning module QuadricMeshReduction (167)
[2021.10.13-23.15.51:274][555]LogModuleManager: Shutting down and abandoning module MaterialBaking (163)
[2021.10.13-23.15.51:274][555]LogModuleManager: Shutting down and abandoning module NullInstallBundleManager (158)
[2021.10.13-23.15.51:274][555]LogModuleManager: Shutting down and abandoning module PIEPreviewDeviceProfileSelector (156)
[2021.10.13-23.15.51:274][555]LogModuleManager: Shutting down and abandoning module DerivedDataCache (154)
[2021.10.13-23.15.51:274][555]LogModuleManager: Shutting down and abandoning module XGEController (152)
[2021.10.13-23.15.51:274][555]LogModuleManager: Shutting down and abandoning module TargetPlatform (150)
[2021.10.13-23.15.51:274][555]LogModuleManager: Shutting down and abandoning module VulkanShaderFormat (149)
[2021.10.13-23.15.51:274][555]LogModuleManager: Shutting down and abandoning module ShaderFormatVectorVM (147)
[2021.10.13-23.15.51:274][555]LogModuleManager: Shutting down and abandoning module ShaderFormatOpenGL (145)
[2021.10.13-23.15.51:275][555]LogModuleManager: Shutting down and abandoning module ShaderFormatD3D (143)
[2021.10.13-23.15.51:275][555]LogModuleManager: Shutting down and abandoning module MetalShaderFormat (141)
[2021.10.13-23.15.51:275][555]LogModuleManager: Shutting down and abandoning module TextureFormatUncompressed (139)
[2021.10.13-23.15.51:275][555]LogModuleManager: Shutting down and abandoning module TextureFormatPVR (137)
[2021.10.13-23.15.51:275][555]LogModuleManager: Shutting down and abandoning module TextureFormatDXT (135)
[2021.10.13-23.15.51:275][555]LogModuleManager: Shutting down and abandoning module TextureFormatIntelISPCTexComp (133)
[2021.10.13-23.15.51:276][555]LogModuleManager: Shutting down and abandoning module TextureFormatASTC (131)
[2021.10.13-23.15.51:276][555]LogModuleManager: Shutting down and abandoning module ImageWrapper (130)
[2021.10.13-23.15.51:276][555]LogModuleManager: Shutting down and abandoning module TextureFormatAndroid (127)
[2021.10.13-23.15.51:276][555]LogModuleManager: Shutting down and abandoning module AudioFormatOpus (125)
[2021.10.13-23.15.51:276][555]LogModuleManager: Shutting down and abandoning module AudioFormatOgg (123)
[2021.10.13-23.15.51:276][555]LogModuleManager: Shutting down and abandoning module AudioFormatADPCM (121)
[2021.10.13-23.15.51:276][555]LogModuleManager: Shutting down and abandoning module WindowsServerTargetPlatform (119)
[2021.10.13-23.15.51:276][555]LogModuleManager: Shutting down and abandoning module WindowsClientTargetPlatform (117)
[2021.10.13-23.15.51:276][555]LogModuleManager: Shutting down and abandoning module WindowsTargetPlatform (115)
[2021.10.13-23.15.51:276][555]LogModuleManager: Shutting down and abandoning module WindowsNoEditorTargetPlatform (113)
[2021.10.13-23.15.51:276][555]LogModuleManager: Shutting down and abandoning module InputCore (110)
[2021.10.13-23.15.51:276][555]LogModuleManager: Shutting down and abandoning module Settings (108)
[2021.10.13-23.15.51:276][555]LogModuleManager: Shutting down and abandoning module PhysXCooking (106)
[2021.10.13-23.15.51:276][555]LogModuleManager: Shutting down and abandoning module ChaosSolvers (104)
[2021.10.13-23.15.51:276][555]LogModuleManager: Shutting down and abandoning module FieldSystemEngine (103)
[2021.10.13-23.15.51:276][555]LogModuleManager: Shutting down and abandoning module Chaos (100)
[2021.10.13-23.15.51:276][555]LogModuleManager: Shutting down and abandoning module WindowsPlatformFeatures (98)
[2021.10.13-23.15.51:276][555]LogModuleManager: Shutting down and abandoning module GameplayMediaEncoder (97)
[2021.10.13-23.15.51:276][555]LogModuleManager: Shutting down and abandoning module AVEncoder (96)
[2021.10.13-23.15.51:276][555]LogModuleManager: Shutting down and abandoning module SteamVRInputDevice (92)
[2021.10.13-23.15.51:276][555]LogModuleManager: Shutting down and abandoning module SteamVRInput (90)
[2021.10.13-23.15.51:276][555]LogModuleManager: Shutting down and abandoning module SteamVR (88)
[2021.10.13-23.15.51:276][555]LogHMD: Freeing OpenVRDLLHandle.
[2021.10.13-23.15.51:276][555]LogModuleManager: Shutting down and abandoning module OculusHMD (86)
[2021.10.13-23.15.51:276][555]LogModuleManager: Shutting down and abandoning module ExampleDeviceProfileSelector (84)
[2021.10.13-23.15.51:277][555]LogModuleManager: Shutting down and abandoning module LauncherChunkInstaller (82)
[2021.10.13-23.15.51:277][555]LogModuleManager: Shutting down and abandoning module OnlineBlueprintSupport (80)
[2021.10.13-23.15.51:277][555]LogModuleManager: Shutting down and abandoning module OnlineSubsystem (76)
[2021.10.13-23.15.51:278][555]LogModuleManager: Shutting down and abandoning module XMPP (71)
[2021.10.13-23.15.51:278][555]LogModuleManager: Shutting down and abandoning module WebSockets (70)
[2021.10.13-23.15.51:285][555]LogModuleManager: Shutting down and abandoning module HTTP (67)
[2021.10.13-23.15.51:295][555]LogModuleManager: Shutting down and abandoning module SSL (66)
[2021.10.13-23.15.51:296][555]LogModuleManager: Shutting down and abandoning module WmfMedia (62)
[2021.10.13-23.15.51:297][555]LogModuleManager: Shutting down and abandoning module Media (61)
[2021.10.13-23.15.51:298][555]LogModuleManager: Shutting down and abandoning module MagicLeap (58)
[2021.10.13-23.15.51:298][555]LogModuleManager: Shutting down and abandoning module NiagaraVertexFactories (56)
[2021.10.13-23.15.51:298][555]LogModuleManager: Shutting down and abandoning module NiagaraShader (54)
[2021.10.13-23.15.51:298][555]LogModuleManager: Shutting down and abandoning module VariantManagerContent (52)
[2021.10.13-23.15.51:298][555]LogModuleManager: Shutting down and abandoning module DatasmithContent (50)
[2021.10.13-23.15.51:298][555]LogModuleManager: Shutting down and abandoning module AISupportModule (48)
[2021.10.13-23.15.51:298][555]LogModuleManager: Shutting down and abandoning module DesktopPlatform (46)
[2021.10.13-23.15.51:298][555]LogModuleManager: Shutting down and abandoning module PlatformCryptoOpenSSL (44)
[2021.10.13-23.15.51:298][555]LogModuleManager: Shutting down and abandoning module PlatformCryptoTypes (42)
[2021.10.13-23.15.51:298][555]LogModuleManager: Shutting down and abandoning module PlatformCrypto (40)
[2021.10.13-23.15.51:298][555]LogModuleManager: Shutting down and abandoning module AnimationModifiers (38)
[2021.10.13-23.15.51:299][555]LogModuleManager: Shutting down and abandoning module PropertyEditor (37)
[2021.10.13-23.15.51:299][555]LogModuleManager: Shutting down and abandoning module AudioEditor (34)
[2021.10.13-23.15.51:300][555]LogModuleManager: Shutting down and abandoning module TextureCompressor (32)
[2021.10.13-23.15.51:300][555]LogModuleManager: Shutting down and abandoning module RenderCore (30)
[2021.10.13-23.15.51:300][555]LogModuleManager: Shutting down and abandoning module Landscape (28)
[2021.10.13-23.15.51:300][555]LogModuleManager: Shutting down and abandoning module SlateRHIRenderer (26)
[2021.10.13-23.15.51:300][555]LogModuleManager: Shutting down and abandoning module OpenGLDrv (24)
[2021.10.13-23.15.51:300][555]LogModuleManager: Shutting down and abandoning module D3D11RHI (22)
[2021.10.13-23.15.51:301][555]LogModuleManager: Shutting down and abandoning module AnimGraphRuntime (20)
[2021.10.13-23.15.51:301][555]LogModuleManager: Shutting down and abandoning module Renderer (18)
[2021.10.13-23.15.51:301][555]LogModuleManager: Shutting down and abandoning module Engine (16)
[2021.10.13-23.15.51:301][555]LogModuleManager: Shutting down and abandoning module CoreUObject (14)
[2021.10.13-23.15.51:301][555]LogModuleManager: Shutting down and abandoning module NetworkFile (12)
[2021.10.13-23.15.51:301][555]LogModuleManager: Shutting down and abandoning module CookedIterativeFile (10)
[2021.10.13-23.15.51:301][555]LogModuleManager: Shutting down and abandoning module StreamingFile (8)
[2021.10.13-23.15.51:301][555]LogModuleManager: Shutting down and abandoning module SandboxFile (6)
[2021.10.13-23.15.51:301][555]LogModuleManager: Shutting down and abandoning module PakFile (4)
[2021.10.13-23.15.51:301][555]LogModuleManager: Shutting down and abandoning module RSA (3)
[2021.10.13-23.15.51:623][555]LogContentStreaming: Display: There are 1 unreleased StreamingManagers
[2021.10.13-23.15.51:624][555]LogD3D11RHI: Shutdown
[2021.10.13-23.15.51:624][555]LogD3D11RHI: CleanupD3DDevice
[2021.10.13-23.15.51:635][555]LogExit: Exiting.
[2021.10.13-23.15.51:637][555]Log file closed, 10/13/21 19:15:51
